/usr/bin/python3: can't open file '/home/duri/scripts/broadcast_emotion_if_changed.py': [Errno 2] No such file or directory
/usr/bin/python3: can't open file '/home/duri/scripts/broadcast_emotion_if_changed.py': [Errno 2] No such file or directory
/usr/bin/python3: can't open file '/home/duri/scripts/broadcast_emotion_if_changed.py': [Errno 2] No such file or directory
/usr/bin/python3: can't open file '/home/duri/scripts/broadcast_emotion_if_changed.py': [Errno 2] No such file or directory
/usr/bin/python3: can't open file '/home/duri/scripts/broadcast_emotion_if_changed.py': [Errno 2] No such file or directory
/usr/bin/python3: can't open file '/home/duri/scripts/broadcast_emotion_if_changed.py': [Errno 2] No such file or directory
/usr/bin/python3: can't open file '/home/duri/scripts/broadcast_emotion_if_changed.py': [Errno 2] No such file or directory
/usr/bin/python3: can't open file '/home/duri/scripts/broadcast_emotion_if_changed.py': [Errno 2] No such file or directory
/usr/bin/python3: can't open file '/home/duri/scripts/broadcast_emotion_if_changed.py': [Errno 2] No such file or directory
/usr/bin/python3: can't open file '/home/duri/scripts/broadcast_emotion_if_changed.py': [Errno 2] No such file or directory
/usr/bin/python3: can't open file '/home/duri/scripts/broadcast_emotion_if_changed.py': [Errno 2] No such file or directory
[2025-05-25 17:19:01] [❌] delta.json 없음 또는 비정상
[2025-05-25 17:20:01] [❌] delta.json 없음 또는 비정상
[2025-05-25 17:21:01] [❌] delta.json 없음 또는 비정상
[2025-05-25 17:22:01] [❌] delta.json 없음 또는 비정상
[2025-05-25 17:23:01] [❌] delta.json 없음 또는 비정상
[2025-05-25 17:24:01] [❌] delta.json 없음 또는 비정상
[2025-05-25 17:25:01] [❌] delta.json 없음 또는 비정상
[2025-05-25 17:26:01] [❌] delta.json 없음 또는 비정상
[2025-05-25 17:27:01] [❌] delta.json 없음 또는 비정상
[2025-05-25 17:28:01] [❌] delta.json 없음 또는 비정상
[2025-05-25 17:29:01] [❌] delta.json 없음 또는 비정상
[2025-05-25 17:30:01] [❌] delta.json 없음 또는 비정상
[2025-05-25 17:31:01] [❌] delta.json 없음 또는 비정상
[2025-05-25 17:32:02] [❌] delta.json 없음 또는 비정상
[2025-05-25 17:33:01] [❌] delta.json 없음 또는 비정상
[2025-05-25 17:34:01] [❌] delta.json 없음 또는 비정상
[2025-05-25 17:35:01] [❌] delta.json 없음 또는 비정상
[2025-05-25 17:36:01] [❌] delta.json 없음 또는 비정상
[2025-05-25 17:37:01] [❌] delta.json 없음 또는 비정상
[2025-05-25 17:38:01] [❌] delta.json 없음 또는 비정상
[2025-05-25 17:39:01] [❌] delta.json 없음 또는 비정상
[2025-05-25 17:40:01] [❌] delta.json 없음 또는 비정상
[2025-05-25 17:41:01] [❌] delta.json 없음 또는 비정상
[2025-05-25 17:42:01] [📢] 최초 전송 - 기록 없음
lost connection
[2025-05-25 17:42:01] [❌] 전송 실패 → duri-brain (192.168.0.9)
lost connection
[2025-05-25 17:42:01] [❌] 전송 실패 → duri-control (192.168.0.11)
lost connection
[2025-05-25 17:42:01] [❌] 전송 실패 → duri-evolution (192.168.0.20)
[2025-05-25 17:43:01] [⏸️] 변화 없음 - 전송 생략
[2025-05-25 17:44:01] [⏸️] 변화 없음 - 전송 생략
[2025-05-25 17:45:01] [⏸️] 변화 없음 - 전송 생략
[2025-05-25 17:46:01] [⏸️] 변화 없음 - 전송 생략
[2025-05-25 17:47:01] [⏸️] 변화 없음 - 전송 생략
[2025-05-25 17:48:01] [⏸️] 변화 없음 - 전송 생략
[2025-05-25 17:49:01] [⏸️] 변화 없음 - 전송 생략
[2025-05-25 17:50:01] [⏸️] 변화 없음 - 전송 생략
[2025-05-25 17:51:01] [⏸️] 변화 없음 - 전송 생략
[2025-05-25 17:52:01] [⏸️] 변화 없음 - 전송 생략
[2025-05-25 17:53:01] [⏸️] 변화 없음 - 전송 생략
[2025-05-25 17:54:01] [⏸️] 변화 없음 - 전송 생략
[2025-05-25 17:55:01] [⏸️] 변화 없음 - 전송 생략
[2025-05-25 17:56:01] [⏸️] 변화 없음 - 전송 생략
[2025-05-25 17:57:01] [⏸️] 변화 없음 - 전송 생략
[2025-05-25 17:58:01] [⏸️] 변화 없음 - 전송 생략
[2025-05-25 17:59:01] [⏸️] 변화 없음 - 전송 생략
[2025-05-25 18:00:01] [⏸️] 변화 없음 - 전송 생략
[2025-05-25 18:01:01] [⏸️] 변화 없음 - 전송 생략
[2025-05-25 18:02:01] [⏸️] 변화 없음 - 전송 생략
[2025-05-25 18:03:01] [⏸️] 변화 없음 - 전송 생략
[2025-05-25 18:04:01] [⏸️] 변화 없음 - 전송 생략
[2025-05-25 18:05:01] [⏸️] 변화 없음 - 전송 생략
[2025-05-25 18:06:01] [⏸️] 변화 없음 - 전송 생략
[2025-05-25 18:07:01] [⏸️] 변화 없음 - 전송 생략
[2025-05-25 18:08:01] [⏸️] 변화 없음 - 전송 생략
[2025-05-25 18:09:01] [⏸️] 변화 없음 - 전송 생략
[2025-05-25 18:10:01] [⏸️] 변화 없음 - 전송 생략
[2025-05-25 18:11:01] [⏸️] 변화 없음 - 전송 생략
[2025-05-25 18:12:01] [⏸️] 변화 없음 - 전송 생략
[2025-05-25 18:13:01] [⏸️] 변화 없음 - 전송 생략
[2025-05-25 18:14:01] [⏸️] 변화 없음 - 전송 생략
[2025-05-25 18:15:01] [⏸️] 변화 없음 - 전송 생략
[2025-05-25 18:16:01] [⏸️] 변화 없음 - 전송 생략
[2025-05-25 18:17:01] [⏸️] 변화 없음 - 전송 생략
[2025-05-25 18:18:01] [⏸️] 변화 없음 - 전송 생략
[2025-05-25 18:19:01] [⏸️] 변화 없음 - 전송 생략
[2025-05-25 18:20:01] [⏸️] 변화 없음 - 전송 생략
[2025-05-25 18:21:01] [⏸️] 변화 없음 - 전송 생략
[2025-05-25 18:22:01] [⏸️] 변화 없음 - 전송 생략
[2025-05-25 18:23:01] [⏸️] 변화 없음 - 전송 생략
[2025-05-25 18:24:02] [⏸️] 변화 없음 - 전송 생략
[2025-05-25 18:25:01] [⏸️] 변화 없음 - 전송 생략
[2025-05-25 18:26:01] [⏸️] 변화 없음 - 전송 생략
[2025-05-25 18:27:01] [⏸️] 변화 없음 - 전송 생략
[2025-05-25 18:28:01] [⏸️] 변화 없음 - 전송 생략
[2025-05-25 18:29:01] [⏸️] 변화 없음 - 전송 생략
[2025-05-25 18:30:01] [⏸️] 변화 없음 - 전송 생략
[2025-05-25 18:31:02] [⏸️] 변화 없음 - 전송 생략
[2025-05-25 18:32:01] [⏸️] 변화 없음 - 전송 생략
[2025-05-25 18:33:01] [⏸️] 변화 없음 - 전송 생략
[2025-05-25 18:34:01] [⏸️] 변화 없음 - 전송 생략
[2025-05-25 18:35:01] [⏸️] 변화 없음 - 전송 생략
[2025-05-25 18:36:01] [⏸️] 변화 없음 - 전송 생략
[2025-05-25 18:37:01] [⏸️] 변화 없음 - 전송 생략
[2025-05-25 18:38:01] [⏸️] 변화 없음 - 전송 생략
[2025-05-25 18:39:01] [⏸️] 변화 없음 - 전송 생략
[2025-05-25 18:40:01] [⏸️] 변화 없음 - 전송 생략
[2025-05-25 18:41:01] [⏸️] 변화 없음 - 전송 생략
[2025-05-25 18:42:01] [⏸️] 변화 없음 - 전송 생략
[2025-05-25 18:43:01] [⏸️] 변화 없음 - 전송 생략
[2025-05-25 18:44:01] [⏸️] 변화 없음 - 전송 생략
[2025-05-25 18:45:01] [⏸️] 변화 없음 - 전송 생략
[2025-05-25 18:46:01] [⏸️] 변화 없음 - 전송 생략
[2025-05-25 18:47:01] [⏸️] 변화 없음 - 전송 생략
[2025-05-25 18:48:01] [⏸️] 변화 없음 - 전송 생략
[2025-05-25 18:49:01] [⏸️] 변화 없음 - 전송 생략
[2025-05-25 18:50:01] [⏸️] 변화 없음 - 전송 생략
[2025-05-25 18:51:01] [⏸️] 변화 없음 - 전송 생략
[2025-05-25 18:52:01] [⏸️] 변화 없음 - 전송 생략
[2025-05-25 18:53:01] [⏸️] 변화 없음 - 전송 생략
[2025-05-25 18:54:01] [⏸️] 변화 없음 - 전송 생략
[2025-05-25 18:55:01] [⏸️] 변화 없음 - 전송 생략
[2025-05-25 18:56:01] [⏸️] 변화 없음 - 전송 생략
[2025-05-25 18:57:01] [⏸️] 변화 없음 - 전송 생략
[2025-05-25 18:58:01] [⏸️] 변화 없음 - 전송 생략
[2025-05-25 18:59:01] [⏸️] 변화 없음 - 전송 생략
[2025-05-25 19:00:01] [⏸️] 변화 없음 - 전송 생략
[2025-05-25 19:01:01] [⏸️] 변화 없음 - 전송 생략
[2025-05-25 19:02:01] [⏸️] 변화 없음 - 전송 생략
[2025-05-25 19:03:01] [⏸️] 변화 없음 - 전송 생략
[2025-05-25 19:04:01] [⏸️] 변화 없음 - 전송 생략
[2025-05-25 19:05:01] [⏸️] 변화 없음 - 전송 생략
[2025-05-25 19:06:01] [⏸️] 변화 없음 - 전송 생략
[2025-05-25 19:07:01] [⏸️] 변화 없음 - 전송 생략
[2025-05-25 19:08:01] [⏸️] 변화 없음 - 전송 생략
[2025-05-25 19:09:01] [⏸️] 변화 없음 - 전송 생략
[2025-05-25 19:10:01] [⏸️] 변화 없음 - 전송 생략
[2025-05-25 19:11:01] [⏸️] 변화 없음 - 전송 생략
[2025-05-25 19:12:01] [⏸️] 변화 없음 - 전송 생략
[2025-05-25 19:13:01] [⏸️] 변화 없음 - 전송 생략
[2025-05-25 19:14:01] [⏸️] 변화 없음 - 전송 생략
[2025-05-25 19:15:01] [⏸️] 변화 없음 - 전송 생략
[2025-05-25 19:16:01] [⏸️] 변화 없음 - 전송 생략
[2025-05-25 19:17:01] [⏸️] 변화 없음 - 전송 생략
[2025-05-25 19:18:01] [⏸️] 변화 없음 - 전송 생략
[2025-05-25 19:19:01] [⏸️] 변화 없음 - 전송 생략
[2025-05-25 19:20:01] [⏸️] 변화 없음 - 전송 생략
[2025-05-25 19:21:01] [⏸️] 변화 없음 - 전송 생략
[2025-05-25 19:22:01] [⏸️] 변화 없음 - 전송 생략
[2025-05-25 19:23:01] [⏸️] 변화 없음 - 전송 생략
[2025-05-25 19:24:01] [⏸️] 변화 없음 - 전송 생략
[2025-05-25 19:25:01] [⏸️] 변화 없음 - 전송 생략
[2025-05-25 19:26:01] [⏸️] 변화 없음 - 전송 생략
[2025-05-25 19:27:01] [⏸️] 변화 없음 - 전송 생략
[2025-05-25 19:28:01] [⏸️] 변화 없음 - 전송 생략
[2025-05-25 19:29:01] [⏸️] 변화 없음 - 전송 생략
[2025-05-25 19:30:01] [⏸️] 변화 없음 - 전송 생략
[2025-05-25 19:31:01] [⏸️] 변화 없음 - 전송 생략
[2025-05-25 19:32:01] [⏸️] 변화 없음 - 전송 생략
[2025-05-25 19:33:01] [⏸️] 변화 없음 - 전송 생략
[2025-05-25 19:34:01] [⏸️] 변화 없음 - 전송 생략
[2025-05-25 19:35:01] [⏸️] 변화 없음 - 전송 생략
[2025-05-25 19:36:01] [⏸️] 변화 없음 - 전송 생략
[2025-05-25 19:37:01] [⏸️] 변화 없음 - 전송 생략
[2025-05-25 19:38:01] [⏸️] 변화 없음 - 전송 생략
[2025-05-25 19:38:54] [⏸️] 변화 없음 - 전송 생략
[2025-05-25 19:39:01] [⏸️] 변화 없음 - 전송 생략
[2025-05-25 19:40:01] [⏸️] 변화 없음 - 전송 생략
[2025-05-25 19:40:35] [⏸️] 변화 없음 - 전송 생략
[2025-05-25 19:41:01] [⏸️] 변화 없음 - 전송 생략
[2025-05-25 19:41:46] [⏸️] 변화 없음 - 전송 생략
[2025-05-25 19:42:01] [⏸️] 변화 없음 - 전송 생략
[2025-05-25 19:43:01] [⏸️] 변화 없음 - 전송 생략
[2025-05-25 19:43:52] [📢] 변화 감지됨 - 전송 실행
[2025-05-25 19:44:00] [📤] 전송 성공 → duri-brain (192.168.0.9)
[2025-05-25 19:44:01] [📢] 변화 감지됨 - 전송 실행
lost connection
[2025-05-25 19:44:01] [❌] 전송 실패 → duri-brain (192.168.0.9)
lost connection
[2025-05-25 19:44:01] [❌] 전송 실패 → duri-control (192.168.0.11)
lost connection
[2025-05-25 19:44:01] [❌] 전송 실패 → duri-evolution (192.168.0.20)
[2025-05-25 19:44:09] [📤] 전송 성공 → duri-control (192.168.0.11)
[2025-05-25 19:44:25] [📤] 전송 성공 → duri-evolution (192.168.0.20)
[2025-05-25 19:45:01] [⏸️] 변화 없음 - 전송 생략
[2025-05-25 19:46:01] [⏸️] 변화 없음 - 전송 생략
[2025-05-25 19:47:01] [⏸️] 변화 없음 - 전송 생략
[2025-05-25 19:48:01] [⏸️] 변화 없음 - 전송 생략
[2025-05-25 19:49:02] [⏸️] 변화 없음 - 전송 생략
[2025-05-25 19:50:01] [⏸️] 변화 없음 - 전송 생략
[2025-05-25 19:51:01] [⏸️] 변화 없음 - 전송 생략
[2025-05-25 19:52:01] [⏸️] 변화 없음 - 전송 생략
[2025-05-25 19:53:01] [⏸️] 변화 없음 - 전송 생략
[2025-05-25 19:54:01] [⏸️] 변화 없음 - 전송 생략
[2025-05-25 19:55:01] [⏸️] 변화 없음 - 전송 생략
[2025-05-25 19:56:01] [⏸️] 변화 없음 - 전송 생략
[2025-05-25 19:57:01] [⏸️] 변화 없음 - 전송 생략
[2025-05-25 19:58:01] [⏸️] 변화 없음 - 전송 생략
[2025-05-25 19:59:01] [⏸️] 변화 없음 - 전송 생략
[2025-05-25 20:00:01] [⏸️] 변화 없음 - 전송 생략
[2025-05-25 20:01:01] [⏸️] 변화 없음 - 전송 생략
[2025-05-25 20:02:01] [⏸️] 변화 없음 - 전송 생략
[2025-05-25 20:03:01] [⏸️] 변화 없음 - 전송 생략
[2025-05-25 20:04:01] [⏸️] 변화 없음 - 전송 생략
[2025-05-25 20:05:01] [⏸️] 변화 없음 - 전송 생략
[2025-05-25 20:06:01] [⏸️] 변화 없음 - 전송 생략
[2025-05-25 20:07:01] [⏸️] 변화 없음 - 전송 생략
[2025-05-25 20:08:01] [⏸️] 변화 없음 - 전송 생략
[2025-05-25 20:09:01] [⏸️] 변화 없음 - 전송 생략
[2025-05-25 20:10:01] [⏸️] 변화 없음 - 전송 생략
[2025-05-25 20:11:01] [⏸️] 변화 없음 - 전송 생략
[2025-05-25 20:12:01] [⏸️] 변화 없음 - 전송 생략
[2025-05-25 20:13:01] [⏸️] 변화 없음 - 전송 생략
[2025-05-25 20:14:01] [⏸️] 변화 없음 - 전송 생략
[2025-05-25 20:15:01] [⏸️] 변화 없음 - 전송 생략
[2025-05-25 20:16:01] [⏸️] 변화 없음 - 전송 생략
[2025-05-25 20:17:01] [⏸️] 변화 없음 - 전송 생략
[2025-05-25 20:18:01] [⏸️] 변화 없음 - 전송 생략
[2025-05-25 20:19:01] [⏸️] 변화 없음 - 전송 생략
[2025-05-25 20:20:01] [⏸️] 변화 없음 - 전송 생략
[2025-05-25 20:21:01] [⏸️] 변화 없음 - 전송 생략
[2025-05-25 20:22:01] [⏸️] 변화 없음 - 전송 생략
[2025-05-25 20:23:01] [⏸️] 변화 없음 - 전송 생략
[2025-05-25 20:24:01] [⏸️] 변화 없음 - 전송 생략
[2025-05-25 20:25:01] [⏸️] 변화 없음 - 전송 생략
[2025-05-25 20:26:01] [⏸️] 변화 없음 - 전송 생략
[2025-05-25 20:27:01] [⏸️] 변화 없음 - 전송 생략
[2025-05-25 20:28:01] [⏸️] 변화 없음 - 전송 생략
[2025-05-25 20:29:01] [⏸️] 변화 없음 - 전송 생략
[2025-05-25 20:30:01] [⏸️] 변화 없음 - 전송 생략
[2025-05-25 20:31:01] [⏸️] 변화 없음 - 전송 생략
[2025-05-25 20:32:01] [⏸️] 변화 없음 - 전송 생략
[2025-05-25 20:33:01] [⏸️] 변화 없음 - 전송 생략
[2025-05-25 20:34:01] [⏸️] 변화 없음 - 전송 생략
[2025-05-25 20:35:01] [⏸️] 변화 없음 - 전송 생략
[2025-05-25 20:36:01] [⏸️] 변화 없음 - 전송 생략
[2025-05-25 20:37:01] [⏸️] 변화 없음 - 전송 생략
[2025-05-25 20:38:01] [⏸️] 변화 없음 - 전송 생략
[2025-05-25 20:39:01] [⏸️] 변화 없음 - 전송 생략
[2025-05-25 20:40:01] [⏸️] 변화 없음 - 전송 생략
[2025-05-25 20:41:01] [⏸️] 변화 없음 - 전송 생략
[2025-05-25 20:42:01] [⏸️] 변화 없음 - 전송 생략
[2025-05-25 20:43:01] [⏸️] 변화 없음 - 전송 생략
[2025-05-25 20:44:01] [⏸️] 변화 없음 - 전송 생략
[2025-05-25 20:45:01] [⏸️] 변화 없음 - 전송 생략
[2025-05-25 20:46:01] [⏸️] 변화 없음 - 전송 생략
[2025-05-25 20:47:01] [⏸️] 변화 없음 - 전송 생략
[2025-05-25 20:48:01] [⏸️] 변화 없음 - 전송 생략
[2025-05-25 20:49:01] [⏸️] 변화 없음 - 전송 생략
[2025-05-25 20:50:01] [⏸️] 변화 없음 - 전송 생략
[2025-05-25 20:51:01] [⏸️] 변화 없음 - 전송 생략
[2025-05-25 20:52:01] [⏸️] 변화 없음 - 전송 생략
[2025-05-25 20:53:01] [⏸️] 변화 없음 - 전송 생략
[2025-05-25 20:54:01] [⏸️] 변화 없음 - 전송 생략
[2025-05-25 20:55:01] [⏸️] 변화 없음 - 전송 생략
[2025-05-25 20:56:01] [⏸️] 변화 없음 - 전송 생략
[2025-05-25 20:57:01] [⏸️] 변화 없음 - 전송 생략
[2025-05-25 20:58:01] [⏸️] 변화 없음 - 전송 생략
[2025-05-25 20:59:01] [⏸️] 변화 없음 - 전송 생략
[2025-05-25 21:00:02] [⏸️] 변화 없음 - 전송 생략
[2025-05-25 21:01:01] [⏸️] 변화 없음 - 전송 생략
[2025-05-25 21:02:01] [⏸️] 변화 없음 - 전송 생략
[2025-05-25 21:03:01] [⏸️] 변화 없음 - 전송 생략
[2025-05-25 21:04:01] [⏸️] 변화 없음 - 전송 생략
[2025-05-25 21:05:01] [⏸️] 변화 없음 - 전송 생략
[2025-05-25 21:06:01] [⏸️] 변화 없음 - 전송 생략
[2025-05-25 21:07:01] [⏸️] 변화 없음 - 전송 생략
[2025-05-25 21:08:01] [⏸️] 변화 없음 - 전송 생략
[2025-05-25 21:09:01] [⏸️] 변화 없음 - 전송 생략
[2025-05-25 21:10:01] [⏸️] 변화 없음 - 전송 생략
[2025-05-25 21:11:01] [⏸️] 변화 없음 - 전송 생략
[2025-05-25 21:12:01] [⏸️] 변화 없음 - 전송 생략
[2025-05-25 21:13:01] [⏸️] 변화 없음 - 전송 생략
[2025-05-25 21:14:01] [⏸️] 변화 없음 - 전송 생략
[2025-05-25 21:15:01] [⏸️] 변화 없음 - 전송 생략
[2025-05-25 21:16:01] [⏸️] 변화 없음 - 전송 생략
[2025-05-25 21:17:01] [⏸️] 변화 없음 - 전송 생략
[2025-05-25 21:18:01] [⏸️] 변화 없음 - 전송 생략
[2025-05-25 21:19:01] [⏸️] 변화 없음 - 전송 생략
[2025-05-25 21:20:01] [⏸️] 변화 없음 - 전송 생략
[2025-05-25 21:21:01] [⏸️] 변화 없음 - 전송 생략
[2025-05-25 21:22:01] [⏸️] 변화 없음 - 전송 생략
[2025-05-25 21:23:01] [⏸️] 변화 없음 - 전송 생략
[2025-05-25 21:24:01] [⏸️] 변화 없음 - 전송 생략
[2025-05-25 21:25:01] [⏸️] 변화 없음 - 전송 생략
[2025-05-25 21:26:01] [⏸️] 변화 없음 - 전송 생략
[2025-05-25 21:27:01] [⏸️] 변화 없음 - 전송 생략
[2025-05-25 21:28:01] [⏸️] 변화 없음 - 전송 생략
[2025-05-25 21:29:01] [⏸️] 변화 없음 - 전송 생략
[2025-05-25 21:30:01] [⏸️] 변화 없음 - 전송 생략
[2025-05-25 21:31:01] [⏸️] 변화 없음 - 전송 생략
[2025-05-25 21:32:01] [⏸️] 변화 없음 - 전송 생략
[2025-05-25 21:33:01] [⏸️] 변화 없음 - 전송 생략
[2025-05-25 21:34:01] [⏸️] 변화 없음 - 전송 생략
[2025-05-25 21:35:01] [⏸️] 변화 없음 - 전송 생략
[2025-05-25 21:36:01] [⏸️] 변화 없음 - 전송 생략
[2025-05-25 21:37:01] [⏸️] 변화 없음 - 전송 생략
[2025-05-25 21:38:01] [⏸️] 변화 없음 - 전송 생략
[2025-05-25 21:39:01] [⏸️] 변화 없음 - 전송 생략
[2025-05-25 21:40:01] [⏸️] 변화 없음 - 전송 생략
[2025-05-25 21:41:01] [⏸️] 변화 없음 - 전송 생략
[2025-05-25 21:42:01] [⏸️] 변화 없음 - 전송 생략
[2025-05-25 21:43:01] [⏸️] 변화 없음 - 전송 생략
[2025-05-25 21:44:02] [⏸️] 변화 없음 - 전송 생략
[2025-05-25 21:45:01] [⏸️] 변화 없음 - 전송 생략
[2025-05-25 21:46:01] [⏸️] 변화 없음 - 전송 생략
[2025-05-25 21:47:01] [⏸️] 변화 없음 - 전송 생략
[2025-05-25 21:48:01] [⏸️] 변화 없음 - 전송 생략
[2025-05-25 21:49:01] [⏸️] 변화 없음 - 전송 생략
[2025-05-25 21:50:01] [⏸️] 변화 없음 - 전송 생략
[2025-05-25 21:51:01] [⏸️] 변화 없음 - 전송 생략
[2025-05-25 21:52:01] [⏸️] 변화 없음 - 전송 생략
[2025-05-25 21:53:01] [⏸️] 변화 없음 - 전송 생략
[2025-05-25 21:54:01] [⏸️] 변화 없음 - 전송 생략
[2025-05-25 21:55:01] [⏸️] 변화 없음 - 전송 생략
[2025-05-25 21:56:01] [⏸️] 변화 없음 - 전송 생략
[2025-05-25 21:57:01] [⏸️] 변화 없음 - 전송 생략
[2025-05-25 21:58:01] [⏸️] 변화 없음 - 전송 생략
[2025-05-25 21:59:01] [⏸️] 변화 없음 - 전송 생략
[2025-05-25 22:00:01] [⏸️] 변화 없음 - 전송 생략
[2025-05-25 22:01:01] [⏸️] 변화 없음 - 전송 생략
[2025-05-25 22:02:01] [⏸️] 변화 없음 - 전송 생략
[2025-05-25 22:03:01] [⏸️] 변화 없음 - 전송 생략
[2025-05-25 22:04:01] [⏸️] 변화 없음 - 전송 생략
[2025-05-25 22:05:01] [⏸️] 변화 없음 - 전송 생략
[2025-05-25 22:06:01] [⏸️] 변화 없음 - 전송 생략
[2025-05-25 22:07:01] [⏸️] 변화 없음 - 전송 생략
[2025-05-25 22:08:01] [⏸️] 변화 없음 - 전송 생략
[2025-05-25 22:09:01] [⏸️] 변화 없음 - 전송 생략
[2025-05-25 22:10:01] [⏸️] 변화 없음 - 전송 생략
[2025-05-25 22:11:01] [⏸️] 변화 없음 - 전송 생략
[2025-05-25 22:12:01] [⏸️] 변화 없음 - 전송 생략
[2025-05-25 22:13:01] [⏸️] 변화 없음 - 전송 생략
[2025-05-25 22:14:01] [⏸️] 변화 없음 - 전송 생략
[2025-05-25 22:15:01] [⏸️] 변화 없음 - 전송 생략
[2025-05-25 22:16:01] [⏸️] 변화 없음 - 전송 생략
[2025-05-25 22:17:01] [⏸️] 변화 없음 - 전송 생략
[2025-05-25 22:18:01] [⏸️] 변화 없음 - 전송 생략
[2025-05-25 22:19:01] [⏸️] 변화 없음 - 전송 생략
[2025-05-26 08:56:01] [❌] delta.json 없음 또는 비정상
[2025-05-26 08:57:01] [❌] delta.json 없음 또는 비정상
[2025-05-26 08:58:01] [❌] delta.json 없음 또는 비정상
[2025-05-26 08:59:01] [❌] delta.json 없음 또는 비정상
[2025-05-26 09:00:02] [❌] delta.json 없음 또는 비정상
[2025-05-26 09:01:01] [❌] delta.json 없음 또는 비정상
[2025-05-26 09:02:01] [❌] delta.json 없음 또는 비정상
[2025-05-26 09:03:01] [❌] delta.json 없음 또는 비정상
[2025-05-26 09:04:01] [❌] delta.json 없음 또는 비정상
[2025-05-26 09:05:01] [❌] delta.json 없음 또는 비정상
[2025-05-26 09:06:01] [❌] delta.json 없음 또는 비정상
[2025-05-26 09:07:01] [❌] delta.json 없음 또는 비정상
[2025-05-26 09:08:01] [❌] delta.json 없음 또는 비정상
[2025-05-26 09:09:02] [❌] delta.json 없음 또는 비정상
[2025-05-26 09:10:01] [❌] delta.json 없음 또는 비정상
[2025-05-26 09:11:01] [❌] delta.json 없음 또는 비정상
[2025-05-26 09:12:01] [❌] delta.json 없음 또는 비정상
[2025-05-26 09:13:01] [❌] delta.json 없음 또는 비정상
[2025-05-26 09:14:01] [❌] delta.json 없음 또는 비정상
[2025-05-26 09:15:01] [❌] delta.json 없음 또는 비정상
[2025-05-26 09:16:01] [❌] delta.json 없음 또는 비정상
[2025-05-26 09:17:01] [❌] delta.json 없음 또는 비정상
[2025-05-26 09:18:02] [❌] delta.json 없음 또는 비정상
[2025-05-26 09:19:01] [❌] delta.json 없음 또는 비정상
[2025-05-26 09:20:01] [❌] delta.json 없음 또는 비정상
[2025-05-26 09:21:01] [❌] delta.json 없음 또는 비정상
[2025-05-26 09:22:01] [❌] delta.json 없음 또는 비정상
[2025-05-26 09:23:01] [❌] delta.json 없음 또는 비정상
[2025-05-26 09:24:01] [❌] delta.json 없음 또는 비정상
[2025-05-26 09:25:01] [❌] delta.json 없음 또는 비정상
[2025-05-26 09:26:01] [❌] delta.json 없음 또는 비정상
[2025-05-26 09:27:02] [❌] delta.json 없음 또는 비정상
[2025-05-26 09:28:01] [❌] delta.json 없음 또는 비정상
[2025-05-26 09:29:01] [❌] delta.json 없음 또는 비정상
[2025-05-26 09:30:01] [❌] delta.json 없음 또는 비정상
[2025-05-26 09:31:01] [❌] delta.json 없음 또는 비정상
[2025-05-26 09:32:01] [❌] delta.json 없음 또는 비정상
[2025-05-26 09:33:01] [❌] delta.json 없음 또는 비정상
[2025-05-26 09:34:01] [❌] delta.json 없음 또는 비정상
[2025-05-26 09:35:01] [❌] delta.json 없음 또는 비정상
[2025-05-26 09:36:02] [❌] delta.json 없음 또는 비정상
[2025-05-26 09:37:01] [❌] delta.json 없음 또는 비정상
[2025-05-26 09:38:01] [❌] delta.json 없음 또는 비정상
[2025-05-26 09:39:01] [❌] delta.json 없음 또는 비정상
[2025-05-26 09:40:01] [❌] delta.json 없음 또는 비정상
[2025-05-26 09:41:01] [❌] delta.json 없음 또는 비정상
[2025-05-26 09:42:01] [❌] delta.json 없음 또는 비정상
[2025-05-26 09:43:01] [❌] delta.json 없음 또는 비정상
[2025-05-26 09:44:01] [❌] delta.json 없음 또는 비정상
[2025-05-26 09:45:02] [❌] delta.json 없음 또는 비정상
[2025-05-26 09:46:01] [❌] delta.json 없음 또는 비정상
[2025-05-26 09:47:01] [❌] delta.json 없음 또는 비정상
[2025-05-26 09:48:01] [❌] delta.json 없음 또는 비정상
[2025-05-26 09:49:01] [❌] delta.json 없음 또는 비정상
[2025-05-26 09:50:01] [❌] delta.json 없음 또는 비정상
[2025-05-26 09:51:01] [❌] delta.json 없음 또는 비정상
[2025-05-26 09:52:01] [❌] delta.json 없음 또는 비정상
[2025-05-26 09:53:01] [❌] delta.json 없음 또는 비정상
[2025-05-26 09:54:02] [❌] delta.json 없음 또는 비정상
[2025-05-26 09:55:01] [❌] delta.json 없음 또는 비정상
[2025-05-26 09:56:01] [❌] delta.json 없음 또는 비정상
[2025-05-26 09:57:01] [❌] delta.json 없음 또는 비정상
[2025-05-26 09:58:01] [❌] delta.json 없음 또는 비정상
[2025-05-26 09:59:01] [❌] delta.json 없음 또는 비정상
[2025-05-26 10:00:01] [❌] delta.json 없음 또는 비정상
[2025-05-26 10:01:01] [❌] delta.json 없음 또는 비정상
[2025-05-26 10:04:00] [❌] delta.json 없음 또는 비정상
[2025-05-26 10:05:01] [❌] delta.json 없음 또는 비정상
[2025-05-26 10:06:01] [❌] delta.json 없음 또는 비정상
[2025-05-26 10:07:01] [❌] delta.json 없음 또는 비정상
[2025-05-26 10:08:01] [❌] delta.json 없음 또는 비정상
[2025-05-26 10:09:01] [❌] delta.json 없음 또는 비정상
[2025-05-26 10:10:01] [❌] delta.json 없음 또는 비정상
[2025-05-26 10:11:01] [❌] delta.json 없음 또는 비정상
[2025-05-26 10:12:01] [❌] delta.json 없음 또는 비정상
[2025-05-26 10:13:01] [❌] delta.json 없음 또는 비정상
[2025-05-26 10:14:01] [❌] delta.json 없음 또는 비정상
[2025-05-26 10:15:01] [❌] delta.json 없음 또는 비정상
[2025-05-26 10:16:01] [❌] delta.json 없음 또는 비정상
[2025-05-26 10:17:01] [❌] delta.json 없음 또는 비정상
[2025-05-26 10:18:01] [❌] delta.json 없음 또는 비정상
[2025-05-26 10:19:01] [❌] delta.json 없음 또는 비정상
[2025-05-26 10:20:01] [❌] delta.json 없음 또는 비정상
[2025-05-26 10:21:01] [❌] delta.json 없음 또는 비정상
[2025-05-26 10:23:01] [❌] delta.json 없음 또는 비정상
[2025-05-26 10:24:01] [❌] delta.json 없음 또는 비정상
[2025-05-26 10:25:01] [❌] delta.json 없음 또는 비정상
[2025-05-26 10:26:01] [❌] delta.json 없음 또는 비정상
[2025-05-26 10:27:01] [❌] delta.json 없음 또는 비정상
[2025-05-26 10:28:01] [❌] delta.json 없음 또는 비정상
[2025-05-26 10:29:01] [❌] delta.json 없음 또는 비정상
[2025-05-26 10:30:01] [❌] delta.json 없음 또는 비정상
[2025-05-26 10:31:02] [❌] delta.json 없음 또는 비정상
[2025-05-26 10:32:01] [❌] delta.json 없음 또는 비정상
[2025-05-26 10:34:01] [❌] delta.json 없음 또는 비정상
[2025-05-26 10:35:01] [❌] delta.json 없음 또는 비정상
[2025-05-26 10:36:01] [❌] delta.json 없음 또는 비정상
[2025-05-26 10:37:01] [❌] delta.json 없음 또는 비정상
[2025-05-26 10:38:01] [❌] delta.json 없음 또는 비정상
[2025-05-26 10:39:01] [❌] delta.json 없음 또는 비정상
[2025-05-26 10:40:01] [❌] delta.json 없음 또는 비정상
[2025-05-26 10:41:01] [❌] delta.json 없음 또는 비정상
[2025-05-26 10:42:01] [❌] delta.json 없음 또는 비정상
[2025-05-26 10:43:01] [❌] delta.json 없음 또는 비정상
[2025-05-26 10:44:01] [❌] delta.json 없음 또는 비정상
[2025-05-26 10:45:01] [❌] delta.json 없음 또는 비정상
[2025-05-26 10:46:01] [❌] delta.json 없음 또는 비정상
[2025-05-26 10:47:01] [❌] delta.json 없음 또는 비정상
[2025-05-26 10:48:01] [❌] delta.json 없음 또는 비정상
[2025-05-26 10:49:01] [❌] delta.json 없음 또는 비정상
[2025-05-26 10:50:01] [❌] delta.json 없음 또는 비정상
[2025-05-26 10:51:01] [❌] delta.json 없음 또는 비정상
[2025-05-26 10:52:01] [❌] delta.json 없음 또는 비정상
[2025-05-26 10:53:01] [❌] delta.json 없음 또는 비정상
[2025-05-26 10:54:01] [❌] delta.json 없음 또는 비정상
[2025-05-26 10:55:01] [❌] delta.json 없음 또는 비정상
[2025-05-26 10:56:01] [❌] delta.json 없음 또는 비정상
[2025-05-26 10:57:01] [❌] delta.json 없음 또는 비정상
[2025-05-26 10:58:01] [❌] delta.json 없음 또는 비정상
[2025-05-26 10:59:01] [❌] delta.json 없음 또는 비정상
[2025-05-26 11:00:01] [❌] delta.json 없음 또는 비정상
[2025-05-26 11:01:01] [❌] delta.json 없음 또는 비정상
[2025-05-26 11:02:01] [❌] delta.json 없음 또는 비정상
[2025-05-26 11:03:01] [❌] delta.json 없음 또는 비정상
[2025-05-26 11:04:01] [❌] delta.json 없음 또는 비정상
[2025-05-26 11:05:01] [❌] delta.json 없음 또는 비정상
[2025-05-26 11:06:01] [❌] delta.json 없음 또는 비정상
[2025-05-26 11:07:01] [❌] delta.json 없음 또는 비정상
[2025-05-26 11:08:01] [❌] delta.json 없음 또는 비정상
[2025-05-26 11:09:01] [❌] delta.json 없음 또는 비정상
[2025-05-26 11:10:01] [❌] delta.json 없음 또는 비정상
[2025-05-26 11:11:01] [❌] delta.json 없음 또는 비정상
[2025-05-26 11:12:01] [❌] delta.json 없음 또는 비정상
[2025-05-26 11:13:01] [❌] delta.json 없음 또는 비정상
[2025-05-26 11:14:01] [❌] delta.json 없음 또는 비정상
[2025-05-26 11:15:01] [❌] delta.json 없음 또는 비정상
[2025-05-26 11:16:01] [❌] delta.json 없음 또는 비정상
[2025-05-26 11:17:01] [❌] delta.json 없음 또는 비정상
[2025-05-26 11:18:01] [❌] delta.json 없음 또는 비정상
[2025-05-26 11:19:01] [❌] delta.json 없음 또는 비정상
[2025-05-26 11:20:01] [❌] delta.json 없음 또는 비정상
[2025-05-26 11:21:01] [❌] delta.json 없음 또는 비정상
[2025-05-26 11:22:01] [❌] delta.json 없음 또는 비정상
[2025-05-26 11:23:01] [❌] delta.json 없음 또는 비정상
[2025-05-26 11:24:01] [❌] delta.json 없음 또는 비정상
[2025-05-26 11:25:01] [❌] delta.json 없음 또는 비정상
[2025-05-26 11:26:02] [❌] delta.json 없음 또는 비정상
[2025-05-26 11:27:01] [❌] delta.json 없음 또는 비정상
[2025-05-26 11:28:01] [❌] delta.json 없음 또는 비정상
[2025-05-26 11:29:01] [❌] delta.json 없음 또는 비정상
[2025-05-26 11:30:01] [❌] delta.json 없음 또는 비정상
[2025-05-26 11:31:01] [❌] delta.json 없음 또는 비정상
[2025-05-26 11:32:01] [❌] delta.json 없음 또는 비정상
[2025-05-26 11:33:01] [❌] delta.json 없음 또는 비정상
[2025-05-26 11:34:01] [❌] delta.json 없음 또는 비정상
[2025-05-26 11:35:02] [❌] delta.json 없음 또는 비정상
[2025-05-26 11:36:01] [❌] delta.json 없음 또는 비정상
[2025-05-26 11:37:01] [❌] delta.json 없음 또는 비정상
[2025-05-26 11:38:01] [❌] delta.json 없음 또는 비정상
[2025-05-26 11:39:01] [❌] delta.json 없음 또는 비정상
[2025-05-26 11:40:01] [❌] delta.json 없음 또는 비정상
[2025-05-26 11:41:01] [❌] delta.json 없음 또는 비정상
[2025-05-26 11:42:01] [❌] delta.json 없음 또는 비정상
[2025-05-26 11:43:01] [❌] delta.json 없음 또는 비정상
[2025-05-26 11:44:02] [❌] delta.json 없음 또는 비정상
[2025-05-26 11:45:01] [❌] delta.json 없음 또는 비정상
[2025-05-26 11:46:01] [❌] delta.json 없음 또는 비정상
[2025-05-26 11:47:01] [❌] delta.json 없음 또는 비정상
[2025-05-26 11:48:01] [❌] delta.json 없음 또는 비정상
[2025-05-26 11:49:01] [❌] delta.json 없음 또는 비정상
[2025-05-26 11:50:01] [❌] delta.json 없음 또는 비정상
[2025-05-26 11:51:01] [❌] delta.json 없음 또는 비정상
[2025-05-26 11:52:01] [❌] delta.json 없음 또는 비정상
[2025-05-26 11:53:01] [❌] delta.json 없음 또는 비정상
[2025-05-26 11:54:01] [❌] delta.json 없음 또는 비정상
[2025-05-26 11:55:01] [❌] delta.json 없음 또는 비정상
[2025-05-26 11:56:01] [❌] delta.json 없음 또는 비정상
[2025-05-26 11:57:01] [❌] delta.json 없음 또는 비정상
[2025-05-26 11:58:01] [❌] delta.json 없음 또는 비정상
[2025-05-26 11:59:01] [❌] delta.json 없음 또는 비정상
[2025-05-26 12:00:01] [❌] delta.json 없음 또는 비정상
[2025-05-26 12:01:01] [❌] delta.json 없음 또는 비정상
[2025-05-26 12:02:01] [❌] delta.json 없음 또는 비정상
[2025-05-26 12:03:01] [❌] delta.json 없음 또는 비정상
[2025-05-26 12:04:01] [❌] delta.json 없음 또는 비정상
[2025-05-26 12:05:01] [❌] delta.json 없음 또는 비정상
[2025-05-26 12:06:01] [❌] delta.json 없음 또는 비정상
[2025-05-26 12:07:01] [❌] delta.json 없음 또는 비정상
[2025-05-26 12:08:01] [❌] delta.json 없음 또는 비정상
[2025-05-26 12:09:01] [❌] delta.json 없음 또는 비정상
[2025-05-26 12:10:01] [❌] delta.json 없음 또는 비정상
[2025-05-26 12:11:01] [❌] delta.json 없음 또는 비정상
[2025-05-26 12:12:01] [❌] delta.json 없음 또는 비정상
[2025-05-26 12:13:01] [❌] delta.json 없음 또는 비정상
[2025-05-26 12:14:01] [❌] delta.json 없음 또는 비정상
[2025-05-26 12:15:01] [❌] delta.json 없음 또는 비정상
[2025-05-26 12:16:01] [❌] delta.json 없음 또는 비정상
[2025-05-26 12:17:01] [❌] delta.json 없음 또는 비정상
[2025-05-26 12:18:01] [❌] delta.json 없음 또는 비정상
[2025-05-26 12:19:01] [❌] delta.json 없음 또는 비정상
[2025-05-26 12:20:01] [❌] delta.json 없음 또는 비정상
[2025-05-26 12:21:01] [❌] delta.json 없음 또는 비정상
[2025-05-26 12:22:01] [❌] delta.json 없음 또는 비정상
[2025-05-26 12:23:01] [❌] delta.json 없음 또는 비정상
[2025-05-26 12:24:01] [❌] delta.json 없음 또는 비정상
[2025-05-26 12:25:01] [❌] delta.json 없음 또는 비정상
[2025-05-26 12:26:01] [❌] delta.json 없음 또는 비정상
[2025-05-26 12:27:01] [❌] delta.json 없음 또는 비정상
[2025-05-26 12:28:01] [❌] delta.json 없음 또는 비정상
[2025-05-26 12:29:01] [❌] delta.json 없음 또는 비정상
[2025-05-26 12:30:01] [❌] delta.json 없음 또는 비정상
[2025-05-26 12:31:01] [❌] delta.json 없음 또는 비정상
[2025-05-26 12:32:01] [❌] delta.json 없음 또는 비정상
[2025-05-26 12:33:01] [❌] delta.json 없음 또는 비정상
[2025-05-26 12:34:01] [❌] delta.json 없음 또는 비정상
[2025-05-26 12:35:01] [❌] delta.json 없음 또는 비정상
[2025-05-26 12:36:01] [❌] delta.json 없음 또는 비정상
[2025-05-26 12:37:01] [❌] delta.json 없음 또는 비정상
[2025-05-26 12:38:01] [❌] delta.json 없음 또는 비정상
[2025-05-26 12:39:01] [❌] delta.json 없음 또는 비정상
[2025-05-26 12:40:01] [❌] delta.json 없음 또는 비정상
[2025-05-26 12:41:01] [❌] delta.json 없음 또는 비정상
[2025-05-26 12:42:01] [❌] delta.json 없음 또는 비정상
[2025-05-26 12:43:01] [❌] delta.json 없음 또는 비정상
[2025-05-26 12:44:01] [❌] delta.json 없음 또는 비정상
[2025-05-26 12:45:01] [❌] delta.json 없음 또는 비정상
[2025-05-26 12:46:02] [❌] delta.json 없음 또는 비정상
[2025-05-26 12:47:01] [❌] delta.json 없음 또는 비정상
[2025-05-26 12:48:01] [❌] delta.json 없음 또는 비정상
[2025-05-26 12:49:01] [❌] delta.json 없음 또는 비정상
[2025-05-26 12:50:01] [❌] delta.json 없음 또는 비정상
[2025-05-26 14:43:01] [❌] delta.json 없음 또는 비정상
[2025-05-26 14:44:01] [❌] delta.json 없음 또는 비정상
[2025-05-26 14:45:01] [❌] delta.json 없음 또는 비정상
[2025-05-26 14:46:01] [❌] delta.json 없음 또는 비정상
[2025-05-26 14:47:01] [❌] delta.json 없음 또는 비정상
[2025-05-26 14:48:01] [❌] delta.json 없음 또는 비정상
[2025-05-26 14:49:01] [❌] delta.json 없음 또는 비정상
[2025-05-26 14:50:01] [❌] delta.json 없음 또는 비정상
[2025-05-26 14:51:01] [❌] delta.json 없음 또는 비정상
[2025-05-26 14:52:01] [❌] delta.json 없음 또는 비정상
[2025-05-26 14:53:01] [❌] delta.json 없음 또는 비정상
[2025-05-26 14:54:01] [❌] delta.json 없음 또는 비정상
[2025-05-26 14:55:01] [❌] delta.json 없음 또는 비정상
[2025-05-26 14:56:01] [❌] delta.json 없음 또는 비정상
[2025-05-26 14:57:01] [❌] delta.json 없음 또는 비정상
[2025-05-26 14:58:01] [❌] delta.json 없음 또는 비정상
[2025-05-26 14:59:01] [❌] delta.json 없음 또는 비정상
[2025-05-26 15:00:01] [❌] delta.json 없음 또는 비정상
[2025-05-26 15:01:01] [❌] delta.json 없음 또는 비정상
[2025-05-26 15:02:01] [❌] delta.json 없음 또는 비정상
[2025-05-26 15:03:01] [❌] delta.json 없음 또는 비정상
[2025-05-26 15:04:01] [❌] delta.json 없음 또는 비정상
[2025-05-26 15:05:01] [❌] delta.json 없음 또는 비정상
[2025-05-26 15:06:01] [❌] delta.json 없음 또는 비정상
[2025-05-26 15:07:01] [❌] delta.json 없음 또는 비정상
[2025-05-26 15:08:01] [❌] delta.json 없음 또는 비정상
[2025-05-26 15:09:01] [❌] delta.json 없음 또는 비정상
[2025-05-26 15:10:02] [❌] delta.json 없음 또는 비정상
[2025-05-26 15:11:01] [❌] delta.json 없음 또는 비정상
[2025-05-26 15:12:01] [❌] delta.json 없음 또는 비정상
[2025-05-26 15:13:01] [❌] delta.json 없음 또는 비정상
[2025-05-26 15:14:01] [❌] delta.json 없음 또는 비정상
[2025-05-26 15:15:01] [❌] delta.json 없음 또는 비정상
[2025-05-26 15:16:01] [❌] delta.json 없음 또는 비정상
[2025-05-26 15:17:01] [❌] delta.json 없음 또는 비정상
[2025-05-26 15:18:01] [❌] delta.json 없음 또는 비정상
[2025-05-26 15:19:01] [❌] delta.json 없음 또는 비정상
[2025-05-26 15:20:01] [❌] delta.json 없음 또는 비정상
[2025-05-26 15:21:01] [❌] delta.json 없음 또는 비정상
[2025-05-26 15:22:01] [❌] delta.json 없음 또는 비정상
[2025-05-26 15:23:01] [❌] delta.json 없음 또는 비정상
[2025-05-26 15:24:01] [❌] delta.json 없음 또는 비정상
[2025-05-26 15:25:01] [❌] delta.json 없음 또는 비정상
[2025-05-26 15:26:01] [❌] delta.json 없음 또는 비정상
[2025-05-26 15:27:01] [❌] delta.json 없음 또는 비정상
[2025-05-26 15:28:02] [❌] delta.json 없음 또는 비정상
[2025-05-26 15:29:01] [❌] delta.json 없음 또는 비정상
[2025-05-26 15:30:01] [❌] delta.json 없음 또는 비정상
[2025-05-26 15:31:01] [❌] delta.json 없음 또는 비정상
[2025-05-26 15:32:01] [❌] delta.json 없음 또는 비정상
[2025-05-26 15:33:01] [❌] delta.json 없음 또는 비정상
[2025-05-26 15:34:01] [❌] delta.json 없음 또는 비정상
[2025-05-26 15:35:01] [❌] delta.json 없음 또는 비정상
[2025-05-26 15:36:01] [❌] delta.json 없음 또는 비정상
[2025-05-26 15:37:01] [❌] delta.json 없음 또는 비정상
[2025-05-26 15:38:01] [❌] delta.json 없음 또는 비정상
[2025-05-26 15:39:01] [❌] delta.json 없음 또는 비정상
[2025-05-26 15:40:01] [❌] delta.json 없음 또는 비정상
[2025-05-26 15:41:01] [❌] delta.json 없음 또는 비정상
[2025-05-26 15:42:01] [❌] delta.json 없음 또는 비정상
[2025-05-26 15:43:01] [❌] delta.json 없음 또는 비정상
[2025-05-26 15:44:01] [❌] delta.json 없음 또는 비정상
[2025-05-26 15:45:01] [❌] delta.json 없음 또는 비정상
[2025-05-26 15:46:01] [❌] delta.json 없음 또는 비정상
[2025-05-26 15:47:01] [❌] delta.json 없음 또는 비정상
[2025-05-26 15:48:01] [❌] delta.json 없음 또는 비정상
[2025-05-26 15:49:01] [❌] delta.json 없음 또는 비정상
[2025-05-26 15:50:01] [❌] delta.json 없음 또는 비정상
[2025-05-26 15:51:01] [❌] delta.json 없음 또는 비정상
[2025-05-26 15:52:01] [❌] delta.json 없음 또는 비정상
[2025-05-26 15:53:01] [❌] delta.json 없음 또는 비정상
[2025-05-26 15:54:01] [❌] delta.json 없음 또는 비정상
[2025-05-26 15:55:02] [❌] delta.json 없음 또는 비정상
[2025-05-26 15:56:01] [❌] delta.json 없음 또는 비정상
[2025-05-26 15:57:01] [❌] delta.json 없음 또는 비정상
[2025-05-26 15:58:01] [❌] delta.json 없음 또는 비정상
[2025-05-26 15:59:01] [❌] delta.json 없음 또는 비정상
[2025-05-26 16:00:01] [❌] delta.json 없음 또는 비정상
[2025-05-26 16:01:01] [❌] delta.json 없음 또는 비정상
[2025-05-26 16:02:01] [❌] delta.json 없음 또는 비정상
[2025-05-26 16:03:01] [❌] delta.json 없음 또는 비정상
[2025-05-26 16:04:02] [❌] delta.json 없음 또는 비정상
[2025-05-26 16:05:01] [❌] delta.json 없음 또는 비정상
[2025-05-26 16:06:01] [❌] delta.json 없음 또는 비정상
[2025-05-26 16:07:01] [❌] delta.json 없음 또는 비정상
[2025-05-26 16:08:01] [❌] delta.json 없음 또는 비정상
[2025-05-26 16:09:01] [❌] delta.json 없음 또는 비정상
[2025-05-26 16:10:01] [❌] delta.json 없음 또는 비정상
[2025-05-26 16:11:01] [❌] delta.json 없음 또는 비정상
[2025-05-26 16:12:01] [❌] delta.json 없음 또는 비정상
[2025-05-26 16:13:02] [❌] delta.json 없음 또는 비정상
[2025-05-26 16:14:01] [❌] delta.json 없음 또는 비정상
[2025-05-26 16:15:01] [❌] delta.json 없음 또는 비정상
[2025-05-26 16:16:01] [❌] delta.json 없음 또는 비정상
[2025-05-26 16:17:01] [❌] delta.json 없음 또는 비정상
[2025-05-26 16:18:01] [❌] delta.json 없음 또는 비정상
[2025-05-26 16:19:01] [❌] delta.json 없음 또는 비정상
[2025-05-26 16:20:01] [❌] delta.json 없음 또는 비정상
[2025-05-26 16:21:01] [❌] delta.json 없음 또는 비정상
[2025-05-26 16:22:02] [❌] delta.json 없음 또는 비정상
[2025-05-26 16:23:01] [❌] delta.json 없음 또는 비정상
[2025-05-26 16:24:01] [❌] delta.json 없음 또는 비정상
[2025-05-26 16:25:01] [❌] delta.json 없음 또는 비정상
[2025-05-26 16:26:01] [❌] delta.json 없음 또는 비정상
[2025-05-26 16:27:01] [❌] delta.json 없음 또는 비정상
[2025-05-26 16:28:01] [❌] delta.json 없음 또는 비정상
[2025-05-26 16:29:01] [❌] delta.json 없음 또는 비정상
[2025-05-26 16:30:01] [❌] delta.json 없음 또는 비정상
[2025-05-26 16:31:02] [❌] delta.json 없음 또는 비정상
[2025-05-26 16:32:01] [❌] delta.json 없음 또는 비정상
[2025-05-26 16:33:01] [❌] delta.json 없음 또는 비정상
[2025-05-26 16:34:01] [❌] delta.json 없음 또는 비정상
[2025-05-26 16:35:01] [❌] delta.json 없음 또는 비정상
[2025-05-26 16:36:01] [❌] delta.json 없음 또는 비정상
[2025-05-26 16:37:01] [❌] delta.json 없음 또는 비정상
[2025-05-26 16:38:01] [❌] delta.json 없음 또는 비정상
[2025-05-26 16:39:01] [❌] delta.json 없음 또는 비정상
[2025-05-26 16:40:02] [❌] delta.json 없음 또는 비정상
[2025-05-26 16:41:01] [❌] delta.json 없음 또는 비정상
[2025-05-26 16:42:01] [❌] delta.json 없음 또는 비정상
[2025-05-26 16:43:01] [❌] delta.json 없음 또는 비정상
[2025-05-26 16:44:01] [❌] delta.json 없음 또는 비정상
[2025-05-26 16:45:01] [❌] delta.json 없음 또는 비정상
[2025-05-26 16:46:01] [❌] delta.json 없음 또는 비정상
[2025-05-26 16:47:01] [❌] delta.json 없음 또는 비정상
[2025-05-26 16:48:01] [❌] delta.json 없음 또는 비정상
[2025-05-26 16:49:01] [❌] delta.json 없음 또는 비정상
[2025-05-26 16:50:01] [❌] delta.json 없음 또는 비정상
[2025-05-26 16:51:01] [❌] delta.json 없음 또는 비정상
[2025-05-26 16:52:01] [❌] delta.json 없음 또는 비정상
[2025-05-26 16:53:01] [❌] delta.json 없음 또는 비정상
[2025-05-26 16:54:01] [❌] delta.json 없음 또는 비정상
[2025-05-26 16:55:01] [❌] delta.json 없음 또는 비정상
[2025-05-26 16:56:01] [❌] delta.json 없음 또는 비정상
[2025-05-26 16:57:01] [❌] delta.json 없음 또는 비정상
[2025-05-26 16:58:02] [❌] delta.json 없음 또는 비정상
[2025-05-26 16:59:01] [❌] delta.json 없음 또는 비정상
[2025-05-26 17:00:01] [❌] delta.json 없음 또는 비정상
[2025-05-26 17:01:01] [❌] delta.json 없음 또는 비정상
[2025-05-26 17:02:01] [❌] delta.json 없음 또는 비정상
[2025-05-26 17:03:01] [❌] delta.json 없음 또는 비정상
[2025-05-26 17:04:01] [❌] delta.json 없음 또는 비정상
[2025-05-26 17:05:01] [❌] delta.json 없음 또는 비정상
[2025-05-26 17:06:01] [❌] delta.json 없음 또는 비정상
[2025-05-26 17:07:02] [❌] delta.json 없음 또는 비정상
[2025-05-26 17:08:01] [❌] delta.json 없음 또는 비정상
[2025-05-26 17:09:01] [❌] delta.json 없음 또는 비정상
[2025-05-26 17:10:01] [❌] delta.json 없음 또는 비정상
[2025-05-26 17:11:01] [❌] delta.json 없음 또는 비정상
[2025-05-26 17:12:01] [❌] delta.json 없음 또는 비정상
[2025-05-26 17:13:01] [❌] delta.json 없음 또는 비정상
[2025-05-26 17:14:01] [❌] delta.json 없음 또는 비정상
[2025-05-26 17:15:01] [❌] delta.json 없음 또는 비정상
[2025-05-26 17:16:02] [❌] delta.json 없음 또는 비정상
[2025-05-26 17:17:01] [❌] delta.json 없음 또는 비정상
[2025-05-26 17:18:01] [❌] delta.json 없음 또는 비정상
[2025-05-26 17:19:01] [❌] delta.json 없음 또는 비정상
[2025-05-26 17:20:01] [❌] delta.json 없음 또는 비정상
[2025-05-26 17:21:01] [❌] delta.json 없음 또는 비정상
[2025-05-26 17:22:01] [❌] delta.json 없음 또는 비정상
[2025-05-26 17:23:01] [❌] delta.json 없음 또는 비정상
[2025-05-26 17:24:01] [❌] delta.json 없음 또는 비정상
[2025-05-26 17:25:02] [❌] delta.json 없음 또는 비정상
[2025-05-26 17:26:01] [❌] delta.json 없음 또는 비정상
[2025-05-26 17:27:01] [❌] delta.json 없음 또는 비정상
[2025-05-26 17:28:01] [❌] delta.json 없음 또는 비정상
[2025-05-26 17:29:01] [❌] delta.json 없음 또는 비정상
[2025-05-26 17:30:01] [❌] delta.json 없음 또는 비정상
[2025-05-26 17:31:01] [❌] delta.json 없음 또는 비정상
[2025-05-26 17:32:01] [❌] delta.json 없음 또는 비정상
[2025-05-26 17:33:01] [❌] delta.json 없음 또는 비정상
[2025-05-26 17:34:02] [❌] delta.json 없음 또는 비정상
[2025-05-26 17:35:01] [❌] delta.json 없음 또는 비정상
[2025-05-26 17:36:01] [❌] delta.json 없음 또는 비정상
[2025-05-26 17:37:01] [❌] delta.json 없음 또는 비정상
[2025-05-26 17:38:01] [❌] delta.json 없음 또는 비정상
[2025-05-26 17:39:01] [❌] delta.json 없음 또는 비정상
[2025-05-26 17:40:01] [❌] delta.json 없음 또는 비정상
[2025-05-26 17:41:01] [❌] delta.json 없음 또는 비정상
[2025-05-26 17:42:01] [❌] delta.json 없음 또는 비정상
[2025-05-26 17:43:02] [❌] delta.json 없음 또는 비정상
[2025-05-26 17:44:01] [❌] delta.json 없음 또는 비정상
[2025-05-26 17:45:01] [❌] delta.json 없음 또는 비정상
[2025-05-26 17:46:01] [❌] delta.json 없음 또는 비정상
[2025-05-26 17:47:01] [❌] delta.json 없음 또는 비정상
[2025-05-26 17:48:01] [❌] delta.json 없음 또는 비정상
[2025-05-26 17:49:01] [❌] delta.json 없음 또는 비정상
[2025-05-26 17:50:01] [❌] delta.json 없음 또는 비정상
[2025-05-26 17:51:01] [❌] delta.json 없음 또는 비정상
[2025-05-26 17:52:01] [❌] delta.json 없음 또는 비정상
[2025-05-26 17:53:01] [❌] delta.json 없음 또는 비정상
[2025-05-26 17:54:01] [❌] delta.json 없음 또는 비정상
[2025-05-26 17:55:01] [❌] delta.json 없음 또는 비정상
[2025-05-26 17:56:01] [❌] delta.json 없음 또는 비정상
[2025-05-26 17:57:01] [❌] delta.json 없음 또는 비정상
[2025-05-26 17:58:01] [❌] delta.json 없음 또는 비정상
[2025-05-26 17:59:01] [❌] delta.json 없음 또는 비정상
[2025-05-26 18:00:01] [❌] delta.json 없음 또는 비정상
[2025-05-26 18:01:01] [❌] delta.json 없음 또는 비정상
[2025-05-26 18:02:01] [❌] delta.json 없음 또는 비정상
[2025-05-26 18:03:01] [❌] delta.json 없음 또는 비정상
[2025-05-26 18:04:01] [❌] delta.json 없음 또는 비정상
[2025-05-26 18:05:01] [❌] delta.json 없음 또는 비정상
[2025-05-26 18:06:01] [❌] delta.json 없음 또는 비정상
[2025-05-26 18:07:01] [❌] delta.json 없음 또는 비정상
[2025-05-26 18:08:01] [❌] delta.json 없음 또는 비정상
[2025-05-26 18:09:01] [❌] delta.json 없음 또는 비정상
[2025-05-26 18:10:01] [❌] delta.json 없음 또는 비정상
[2025-05-26 18:11:01] [❌] delta.json 없음 또는 비정상
[2025-05-26 18:12:01] [❌] delta.json 없음 또는 비정상
[2025-05-26 18:13:01] [❌] delta.json 없음 또는 비정상
[2025-05-26 18:14:02] [❌] delta.json 없음 또는 비정상
[2025-05-26 18:15:01] [❌] delta.json 없음 또는 비정상
[2025-05-26 18:16:01] [❌] delta.json 없음 또는 비정상
[2025-05-26 18:17:01] [❌] delta.json 없음 또는 비정상
[2025-05-26 18:18:01] [❌] delta.json 없음 또는 비정상
[2025-05-26 18:19:01] [❌] delta.json 없음 또는 비정상
[2025-05-26 18:20:01] [❌] delta.json 없음 또는 비정상
[2025-05-26 18:21:01] [❌] delta.json 없음 또는 비정상
[2025-05-26 18:22:01] [❌] delta.json 없음 또는 비정상
[2025-05-26 18:23:01] [❌] delta.json 없음 또는 비정상
[2025-05-26 18:24:01] [❌] delta.json 없음 또는 비정상
[2025-05-26 18:25:01] [❌] delta.json 없음 또는 비정상
[2025-05-26 18:26:01] [❌] delta.json 없음 또는 비정상
[2025-05-26 18:27:01] [❌] delta.json 없음 또는 비정상
[2025-05-26 18:28:01] [❌] delta.json 없음 또는 비정상
[2025-05-26 18:29:01] [❌] delta.json 없음 또는 비정상
[2025-05-26 18:30:01] [❌] delta.json 없음 또는 비정상
[2025-05-26 18:31:01] [❌] delta.json 없음 또는 비정상
[2025-05-26 18:32:02] [❌] delta.json 없음 또는 비정상
[2025-05-26 18:33:01] [❌] delta.json 없음 또는 비정상
[2025-05-26 18:34:01] [❌] delta.json 없음 또는 비정상
[2025-05-26 18:35:01] [❌] delta.json 없음 또는 비정상
[2025-05-26 18:36:01] [❌] delta.json 없음 또는 비정상
[2025-05-26 18:37:01] [❌] delta.json 없음 또는 비정상
[2025-05-26 18:38:01] [❌] delta.json 없음 또는 비정상
[2025-05-26 18:39:01] [❌] delta.json 없음 또는 비정상
[2025-05-26 18:40:01] [❌] delta.json 없음 또는 비정상
[2025-05-26 18:41:01] [❌] delta.json 없음 또는 비정상
[2025-05-26 18:42:01] [❌] delta.json 없음 또는 비정상
[2025-05-26 18:43:01] [❌] delta.json 없음 또는 비정상
[2025-05-26 18:44:01] [❌] delta.json 없음 또는 비정상
[2025-05-26 18:45:01] [❌] delta.json 없음 또는 비정상
[2025-05-26 18:46:01] [❌] delta.json 없음 또는 비정상
[2025-05-26 18:47:01] [❌] delta.json 없음 또는 비정상
[2025-05-26 18:48:01] [❌] delta.json 없음 또는 비정상
[2025-05-26 18:49:01] [❌] delta.json 없음 또는 비정상
[2025-05-26 18:50:02] [❌] delta.json 없음 또는 비정상
[2025-05-26 18:51:01] [❌] delta.json 없음 또는 비정상
[2025-05-26 18:52:01] [❌] delta.json 없음 또는 비정상
[2025-05-26 18:53:01] [❌] delta.json 없음 또는 비정상
[2025-05-26 18:54:01] [❌] delta.json 없음 또는 비정상
[2025-05-26 18:55:01] [❌] delta.json 없음 또는 비정상
[2025-05-26 18:56:01] [❌] delta.json 없음 또는 비정상
[2025-05-26 18:57:01] [❌] delta.json 없음 또는 비정상
[2025-05-26 18:58:01] [❌] delta.json 없음 또는 비정상
[2025-05-26 18:59:02] [❌] delta.json 없음 또는 비정상
[2025-05-26 19:00:01] [❌] delta.json 없음 또는 비정상
[2025-05-26 19:01:01] [❌] delta.json 없음 또는 비정상
[2025-05-26 19:02:01] [❌] delta.json 없음 또는 비정상
[2025-05-26 19:03:01] [❌] delta.json 없음 또는 비정상
[2025-05-26 19:04:01] [❌] delta.json 없음 또는 비정상
[2025-05-26 19:05:01] [❌] delta.json 없음 또는 비정상
[2025-05-26 19:06:01] [❌] delta.json 없음 또는 비정상
[2025-05-26 19:07:01] [❌] delta.json 없음 또는 비정상
[2025-05-26 19:08:01] [❌] delta.json 없음 또는 비정상
[2025-05-26 19:09:01] [❌] delta.json 없음 또는 비정상
[2025-05-26 19:10:01] [❌] delta.json 없음 또는 비정상
[2025-05-26 19:11:01] [❌] delta.json 없음 또는 비정상
[2025-05-26 19:12:01] [❌] delta.json 없음 또는 비정상
[2025-05-26 19:13:01] [❌] delta.json 없음 또는 비정상
[2025-05-27 08:49:01] [❌] delta.json 없음 또는 비정상
[2025-05-27 08:50:01] [❌] delta.json 없음 또는 비정상
[2025-05-27 08:51:01] [❌] delta.json 없음 또는 비정상
[2025-05-27 08:52:01] [❌] delta.json 없음 또는 비정상
[2025-05-27 08:53:01] [❌] delta.json 없음 또는 비정상
[2025-05-27 08:54:01] [❌] delta.json 없음 또는 비정상
[2025-05-27 08:55:01] [❌] delta.json 없음 또는 비정상
[2025-05-27 08:56:01] [❌] delta.json 없음 또는 비정상
[2025-05-27 08:57:01] [❌] delta.json 없음 또는 비정상
[2025-05-27 08:58:01] [❌] delta.json 없음 또는 비정상
[2025-05-27 08:59:01] [❌] delta.json 없음 또는 비정상
[2025-05-27 09:00:01] [❌] delta.json 없음 또는 비정상
[2025-05-27 09:01:01] [❌] delta.json 없음 또는 비정상
[2025-05-27 09:02:01] [❌] delta.json 없음 또는 비정상
[2025-05-27 09:03:01] [❌] delta.json 없음 또는 비정상
[2025-05-27 09:04:01] [❌] delta.json 없음 또는 비정상
[2025-05-27 09:05:01] [❌] delta.json 없음 또는 비정상
[2025-05-27 09:06:01] [❌] delta.json 없음 또는 비정상
[2025-05-27 09:07:01] [❌] delta.json 없음 또는 비정상
[2025-05-27 09:08:01] [❌] delta.json 없음 또는 비정상
[2025-05-27 09:09:01] [❌] delta.json 없음 또는 비정상
[2025-05-27 09:10:01] [❌] delta.json 없음 또는 비정상
[2025-05-27 09:11:01] [❌] delta.json 없음 또는 비정상
[2025-05-27 09:12:01] [❌] delta.json 없음 또는 비정상
[2025-05-27 09:13:01] [❌] delta.json 없음 또는 비정상
[2025-05-27 09:14:01] [❌] delta.json 없음 또는 비정상
[2025-05-27 09:15:01] [❌] delta.json 없음 또는 비정상
[2025-05-27 09:16:01] [❌] delta.json 없음 또는 비정상
[2025-05-27 09:17:01] [❌] delta.json 없음 또는 비정상
[2025-05-27 09:18:01] [❌] delta.json 없음 또는 비정상
[2025-05-27 09:19:01] [❌] delta.json 없음 또는 비정상
[2025-05-27 09:20:01] [❌] delta.json 없음 또는 비정상
[2025-05-27 09:21:01] [❌] delta.json 없음 또는 비정상
[2025-05-27 09:22:01] [❌] delta.json 없음 또는 비정상
[2025-05-27 09:23:01] [❌] delta.json 없음 또는 비정상
[2025-05-27 09:24:01] [❌] delta.json 없음 또는 비정상
[2025-05-27 09:25:01] [❌] delta.json 없음 또는 비정상
[2025-05-27 09:26:01] [❌] delta.json 없음 또는 비정상
[2025-05-27 09:27:01] [❌] delta.json 없음 또는 비정상
[2025-05-27 09:28:01] [❌] delta.json 없음 또는 비정상
[2025-05-27 09:29:01] [❌] delta.json 없음 또는 비정상
[2025-05-27 09:30:01] [❌] delta.json 없음 또는 비정상
[2025-05-27 09:31:01] [❌] delta.json 없음 또는 비정상
[2025-05-27 09:32:01] [❌] delta.json 없음 또는 비정상
[2025-05-27 09:33:01] [❌] delta.json 없음 또는 비정상
[2025-05-27 09:34:01] [⏹️] 중요도 낮음 (0 < 0.3) → 전송 생략
[2025-05-27 09:35:01] [⏹️] 중요도 낮음 (0 < 0.3) → 전송 생략
[2025-05-27 09:36:01] [⏹️] 중요도 낮음 (0 < 0.3) → 전송 생략
[2025-05-27 09:37:01] [⏹️] 중요도 낮음 (0 < 0.3) → 전송 생략
[2025-05-27 09:38:01] [⏹️] 중요도 낮음 (0 < 0.3) → 전송 생략
[2025-05-27 09:39:01] [⏹️] 중요도 낮음 (0 < 0.3) → 전송 생략
[2025-05-27 09:40:01] [⏹️] 중요도 낮음 (0 < 0.3) → 전송 생략
[2025-05-27 09:41:01] [⏹️] 중요도 낮음 (0 < 0.3) → 전송 생략
[2025-05-27 09:42:01] [⏹️] 중요도 낮음 (0 < 0.3) → 전송 생략
[2025-05-27 09:43:01] [⏹️] 중요도 낮음 (0 < 0.3) → 전송 생략
[2025-05-27 09:44:01] [⏹️] 중요도 낮음 (0 < 0.3) → 전송 생략
[2025-05-27 09:45:01] [⏹️] 중요도 낮음 (0 < 0.3) → 전송 생략
[2025-05-27 09:46:01] [⏹️] 중요도 낮음 (0 < 0.3) → 전송 생략
[2025-05-27 09:47:01] [⏹️] 중요도 낮음 (0 < 0.3) → 전송 생략
[2025-05-27 09:48:01] [⏹️] 중요도 낮음 (0 < 0.3) → 전송 생략
[2025-05-27 09:49:01] [⏹️] 중요도 낮음 (0 < 0.3) → 전송 생략
[2025-05-27 09:50:01] [⏹️] 중요도 낮음 (0 < 0.3) → 전송 생략
[2025-05-27 09:51:01] [📢] 최초 전송 - 기록 없음
scp: /home/duri/emotion_data/2025-05-27/delta_from_remote.json: No such file or directory
[2025-05-27 09:51:02] [❌] 전송 실패 → duri-brain (192.168.0.9)
[2025-05-27 09:51:02] [📤] 전송 성공 → duri-control (192.168.0.11)
scp: /home/duri/emotion_data/2025-05-27/delta_from_remote.json: No such file or directory
[2025-05-27 09:51:02] [❌] 전송 실패 → duri-evolution (192.168.0.20)
[2025-05-27 09:52:01] [⏸️] 변화 없음 - 전송 생략
[2025-05-27 09:53:01] [⏸️] 변화 없음 - 전송 생략
[2025-05-27 09:54:01] [⏸️] 변화 없음 - 전송 생략
[2025-05-27 09:55:01] [⏸️] 변화 없음 - 전송 생략
[2025-05-27 09:56:01] [⏸️] 변화 없음 - 전송 생략
[2025-05-27 09:57:01] [⏸️] 변화 없음 - 전송 생략
[2025-05-27 09:58:01] [⏸️] 변화 없음 - 전송 생략
[2025-05-27 09:59:01] [⏸️] 변화 없음 - 전송 생략
[2025-05-27 10:00:01] [⏸️] 변화 없음 - 전송 생략
[2025-05-27 10:01:01] [📢] 변화 감지됨 - 전송 실행
[2025-05-27 10:01:13] [📤] 전송 성공 → duri-brain (192.168.0.9)
[2025-05-27 10:01:13] [📤] 전송 성공 → duri-control (192.168.0.11)
[2025-05-27 10:01:14] [📤] 전송 성공 → duri-evolution (192.168.0.20)
[2025-05-27 10:02:01] [📢] 변화 감지됨 - 전송 실행
[2025-05-27 10:02:01] [📤] 전송 성공 → duri-brain (192.168.0.9)
[2025-05-27 10:02:01] [📤] 전송 성공 → duri-control (192.168.0.11)
[2025-05-27 10:02:01] [📤] 전송 성공 → duri-evolution (192.168.0.20)
[2025-05-27 10:03:02] [⏸️] 변화 없음 - 전송 생략
[2025-05-27 10:04:01] [⏸️] 변화 없음 - 전송 생략
[2025-05-27 10:05:01] [⏸️] 변화 없음 - 전송 생략
[2025-05-27 10:06:01] [⏸️] 변화 없음 - 전송 생략
[2025-05-27 10:07:01] [⏸️] 변화 없음 - 전송 생략
[2025-05-27 10:08:01] [⏸️] 변화 없음 - 전송 생략
[2025-05-27 10:09:01] [⏸️] 변화 없음 - 전송 생략
[2025-05-27 10:10:01] [⏸️] 변화 없음 - 전송 생략
[2025-05-27 10:11:01] [⏸️] 변화 없음 - 전송 생략
[2025-05-27 10:12:01] [⏸️] 변화 없음 - 전송 생략
[2025-05-27 10:13:01] [⏸️] 변화 없음 - 전송 생략
[2025-05-27 10:14:01] [⏸️] 변화 없음 - 전송 생략
[2025-05-27 10:15:01] [⏸️] 변화 없음 - 전송 생략
[2025-05-27 10:16:01] [⏸️] 변화 없음 - 전송 생략
[2025-05-27 10:17:01] [⏸️] 변화 없음 - 전송 생략
[2025-05-27 10:18:01] [⏸️] 변화 없음 - 전송 생략
[2025-05-27 10:19:01] [⏸️] 변화 없음 - 전송 생략
[2025-05-27 10:20:01] [⏸️] 변화 없음 - 전송 생략
[2025-05-27 10:21:01] [⏸️] 변화 없음 - 전송 생략
[2025-05-27 10:22:01] [⏸️] 변화 없음 - 전송 생략
[2025-05-27 10:23:01] [⏸️] 변화 없음 - 전송 생략
[2025-05-27 10:24:01] [⏸️] 변화 없음 - 전송 생략
[2025-05-27 10:25:01] [⏸️] 변화 없음 - 전송 생략
[2025-05-27 10:26:01] [⏸️] 변화 없음 - 전송 생략
[2025-05-27 10:27:01] [⏸️] 변화 없음 - 전송 생략
[2025-05-27 10:28:01] [⏸️] 변화 없음 - 전송 생략
[2025-05-27 10:29:01] [⏸️] 변화 없음 - 전송 생략
[2025-05-27 10:30:01] [⏸️] 변화 없음 - 전송 생략
[2025-05-27 10:31:01] [⏸️] 변화 없음 - 전송 생략
[2025-05-27 10:32:01] [⏸️] 변화 없음 - 전송 생략
[2025-05-27 10:33:01] [⏸️] 변화 없음 - 전송 생략
[2025-05-27 10:34:01] [⏸️] 변화 없음 - 전송 생략
[2025-05-27 10:35:01] [⏸️] 변화 없음 - 전송 생략
[2025-05-27 10:36:01] [⏸️] 변화 없음 - 전송 생략
[2025-05-27 10:37:01] [⏸️] 변화 없음 - 전송 생략
[2025-05-27 10:38:01] [⏸️] 변화 없음 - 전송 생략
[2025-05-27 10:39:02] [⏸️] 변화 없음 - 전송 생략
[2025-05-27 10:40:01] [⏸️] 변화 없음 - 전송 생략
[2025-05-27 10:41:01] [⏸️] 변화 없음 - 전송 생략
[2025-05-27 10:42:01] [⏸️] 변화 없음 - 전송 생략
[2025-05-27 10:43:01] [⏸️] 변화 없음 - 전송 생략
[2025-05-27 10:44:01] [⏸️] 변화 없음 - 전송 생략
[2025-05-27 10:45:01] [⏸️] 변화 없음 - 전송 생략
[2025-05-27 10:46:01] [⏸️] 변화 없음 - 전송 생략
[2025-05-27 10:47:01] [⏸️] 변화 없음 - 전송 생략
[2025-05-27 10:48:02] [⏸️] 변화 없음 - 전송 생략
[2025-05-27 10:49:01] [⏸️] 변화 없음 - 전송 생략
[2025-05-27 10:50:01] [⏸️] 변화 없음 - 전송 생략
[2025-05-27 10:51:01] [⏸️] 변화 없음 - 전송 생략
[2025-05-27 10:52:01] [⏸️] 변화 없음 - 전송 생략
[2025-05-27 10:53:01] [⏸️] 변화 없음 - 전송 생략
[2025-05-27 10:54:01] [⏸️] 변화 없음 - 전송 생략
[2025-05-27 10:55:01] [⏸️] 변화 없음 - 전송 생략
[2025-05-27 10:56:01] [⏸️] 변화 없음 - 전송 생략
[2025-05-27 10:57:02] [⏸️] 변화 없음 - 전송 생략
[2025-05-27 10:58:01] [⏸️] 변화 없음 - 전송 생략
[2025-05-27 10:59:01] [⏸️] 변화 없음 - 전송 생략
[2025-05-27 11:00:01] [⏸️] 변화 없음 - 전송 생략
[2025-05-27 11:01:01] [⏸️] 변화 없음 - 전송 생략
[2025-05-27 11:02:01] [⏸️] 변화 없음 - 전송 생략
[2025-05-27 11:03:01] [⏸️] 변화 없음 - 전송 생략
[2025-05-27 11:04:01] [⏸️] 변화 없음 - 전송 생략
[2025-05-27 11:05:01] [⏸️] 변화 없음 - 전송 생략
[2025-05-27 11:06:02] [⏸️] 변화 없음 - 전송 생략
[2025-05-27 11:07:01] [⏸️] 변화 없음 - 전송 생략
[2025-05-27 11:08:01] [⏸️] 변화 없음 - 전송 생략
[2025-05-27 11:09:01] [⏸️] 변화 없음 - 전송 생략
[2025-05-27 11:10:01] [⏸️] 변화 없음 - 전송 생략
[2025-05-27 11:11:01] [⏸️] 변화 없음 - 전송 생략
[2025-05-27 11:12:01] [⏸️] 변화 없음 - 전송 생략
[2025-05-27 11:13:01] [⏸️] 변화 없음 - 전송 생략
[2025-05-27 11:14:01] [⏸️] 변화 없음 - 전송 생략
[2025-05-27 11:15:02] [⏸️] 변화 없음 - 전송 생략
[2025-05-27 11:16:01] [⏸️] 변화 없음 - 전송 생략
[2025-05-27 11:17:01] [⏸️] 변화 없음 - 전송 생략
[2025-05-27 11:18:01] [⏸️] 변화 없음 - 전송 생략
[2025-05-27 13:38:01] [⏸️] 변화 없음 - 전송 생략
[2025-05-27 13:39:02] [⏸️] 변화 없음 - 전송 생략
[2025-05-27 13:40:01] [⏸️] 변화 없음 - 전송 생략
[2025-05-27 13:41:01] [⏸️] 변화 없음 - 전송 생략
[2025-05-27 13:42:01] [⏸️] 변화 없음 - 전송 생략
[2025-05-27 13:43:01] [⏸️] 변화 없음 - 전송 생략
[2025-05-27 13:44:01] [⏸️] 변화 없음 - 전송 생략
[2025-05-27 13:45:01] [⏸️] 변화 없음 - 전송 생략
[2025-05-27 13:46:01] [⏸️] 변화 없음 - 전송 생략
[2025-05-27 13:47:01] [⏸️] 변화 없음 - 전송 생략
[2025-05-27 13:48:02] [⏸️] 변화 없음 - 전송 생략
[2025-05-27 13:49:01] [⏸️] 변화 없음 - 전송 생략
[2025-05-27 13:50:01] [⏸️] 변화 없음 - 전송 생략
[2025-05-27 13:51:01] [⏸️] 변화 없음 - 전송 생략
[2025-05-27 13:52:01] [⏸️] 변화 없음 - 전송 생략
[2025-05-27 13:53:01] [⏸️] 변화 없음 - 전송 생략
[2025-05-27 13:54:01] [⏸️] 변화 없음 - 전송 생략
[2025-05-27 13:55:01] [⏸️] 변화 없음 - 전송 생략
[2025-05-27 13:56:01] [⏸️] 변화 없음 - 전송 생략
[2025-05-27 13:57:02] [⏸️] 변화 없음 - 전송 생략
[2025-05-27 13:58:01] [⏸️] 변화 없음 - 전송 생략
[2025-05-27 13:59:01] [⏸️] 변화 없음 - 전송 생략
[2025-05-27 14:00:01] [⏸️] 변화 없음 - 전송 생략
[2025-05-27 14:01:01] [⏸️] 변화 없음 - 전송 생략
[2025-05-27 14:02:01] [⏸️] 변화 없음 - 전송 생략
[2025-05-27 14:03:01] [⏸️] 변화 없음 - 전송 생략
[2025-05-27 14:04:01] [⏸️] 변화 없음 - 전송 생략
[2025-05-27 14:05:01] [⏸️] 변화 없음 - 전송 생략
[2025-05-27 14:06:02] [⏸️] 변화 없음 - 전송 생략
[2025-05-27 14:07:01] [⏸️] 변화 없음 - 전송 생략
[2025-05-27 14:08:01] [⏸️] 변화 없음 - 전송 생략
[2025-05-27 14:09:01] [⏸️] 변화 없음 - 전송 생략
[2025-05-27 14:10:01] [⏸️] 변화 없음 - 전송 생략
[2025-05-27 14:11:01] [⏸️] 변화 없음 - 전송 생략
[2025-05-27 14:12:01] [⏸️] 변화 없음 - 전송 생략
[2025-05-27 14:13:01] [⏸️] 변화 없음 - 전송 생략
[2025-05-27 14:14:01] [⏸️] 변화 없음 - 전송 생략
[2025-05-27 14:15:02] [⏸️] 변화 없음 - 전송 생략
[2025-05-27 14:16:01] [⏸️] 변화 없음 - 전송 생략
[2025-05-27 14:17:01] [⏸️] 변화 없음 - 전송 생략
[2025-05-27 14:18:01] [⏸️] 변화 없음 - 전송 생략
[2025-05-27 14:19:01] [⏸️] 변화 없음 - 전송 생략
[2025-05-27 14:20:01] [⏸️] 변화 없음 - 전송 생략
[2025-05-27 14:21:01] [⏸️] 변화 없음 - 전송 생략
[2025-05-27 14:22:01] [⏸️] 변화 없음 - 전송 생략
[2025-05-27 14:23:01] [⏸️] 변화 없음 - 전송 생략
[2025-05-27 14:24:02] [⏸️] 변화 없음 - 전송 생략
[2025-05-27 14:25:01] [⏸️] 변화 없음 - 전송 생략
[2025-05-27 14:26:01] [⏸️] 변화 없음 - 전송 생략
[2025-05-27 14:27:01] [⏸️] 변화 없음 - 전송 생략
[2025-05-27 14:28:01] [⏸️] 변화 없음 - 전송 생략
[2025-05-27 14:29:01] [⏸️] 변화 없음 - 전송 생략
[2025-05-27 14:30:01] [⏸️] 변화 없음 - 전송 생략
[2025-05-27 14:31:01] [⏸️] 변화 없음 - 전송 생략
[2025-05-27 14:32:01] [⏸️] 변화 없음 - 전송 생략
[2025-05-27 14:33:02] [⏸️] 변화 없음 - 전송 생략
[2025-05-27 14:34:01] [⏸️] 변화 없음 - 전송 생략
[2025-05-27 14:35:01] [⏸️] 변화 없음 - 전송 생략
[2025-05-27 14:36:01] [⏸️] 변화 없음 - 전송 생략
[2025-05-27 14:37:01] [⏸️] 변화 없음 - 전송 생략
[2025-05-27 14:38:01] [⏸️] 변화 없음 - 전송 생략
[2025-05-27 14:39:01] [⏸️] 변화 없음 - 전송 생략
[2025-05-27 14:40:01] [⏸️] 변화 없음 - 전송 생략
[2025-05-27 14:41:01] [⏸️] 변화 없음 - 전송 생략
[2025-05-27 14:42:02] [⏸️] 변화 없음 - 전송 생략
[2025-05-27 14:43:01] [⏸️] 변화 없음 - 전송 생략
[2025-05-27 14:44:01] [⏸️] 변화 없음 - 전송 생략
[2025-05-27 14:45:01] [⏸️] 변화 없음 - 전송 생략
[2025-05-27 14:46:01] [⏸️] 변화 없음 - 전송 생략
[2025-05-27 14:47:01] [⏸️] 변화 없음 - 전송 생략
[2025-05-27 14:48:01] [⏸️] 변화 없음 - 전송 생략
[2025-05-27 14:49:01] [⏸️] 변화 없음 - 전송 생략
[2025-05-27 14:50:01] [⏸️] 변화 없음 - 전송 생략
[2025-05-27 14:51:02] [⏸️] 변화 없음 - 전송 생략
[2025-05-27 14:52:01] [⏸️] 변화 없음 - 전송 생략
[2025-05-27 14:53:01] [⏸️] 변화 없음 - 전송 생략
[2025-05-27 14:54:01] [⏸️] 변화 없음 - 전송 생략
[2025-05-27 14:55:01] [⏸️] 변화 없음 - 전송 생략
[2025-05-27 14:56:01] [⏸️] 변화 없음 - 전송 생략
[2025-05-27 14:57:01] [⏸️] 변화 없음 - 전송 생략
[2025-05-27 14:58:01] [⏸️] 변화 없음 - 전송 생략
[2025-05-27 14:59:01] [⏸️] 변화 없음 - 전송 생략
[2025-05-27 15:00:02] [⏸️] 변화 없음 - 전송 생략
[2025-05-27 15:01:01] [⏸️] 변화 없음 - 전송 생략
[2025-05-27 15:02:01] [⏸️] 변화 없음 - 전송 생략
[2025-05-27 15:03:01] [⏸️] 변화 없음 - 전송 생략
[2025-05-27 15:04:01] [⏸️] 변화 없음 - 전송 생략
[2025-05-27 15:05:01] [⏸️] 변화 없음 - 전송 생략
[2025-05-27 15:06:01] [⏸️] 변화 없음 - 전송 생략
[2025-05-27 15:07:01] [⏸️] 변화 없음 - 전송 생략
[2025-05-27 15:08:01] [⏸️] 변화 없음 - 전송 생략
[2025-05-27 15:09:02] [⏸️] 변화 없음 - 전송 생략
[2025-05-27 15:10:01] [⏸️] 변화 없음 - 전송 생략
[2025-05-27 15:11:01] [⏸️] 변화 없음 - 전송 생략
[2025-05-27 15:12:01] [⏸️] 변화 없음 - 전송 생략
[2025-05-27 15:13:01] [⏸️] 변화 없음 - 전송 생략
[2025-05-27 15:14:01] [⏸️] 변화 없음 - 전송 생략
[2025-05-27 15:15:01] [⏸️] 변화 없음 - 전송 생략
[2025-05-27 15:16:01] [⏸️] 변화 없음 - 전송 생략
[2025-05-27 15:17:01] [⏸️] 변화 없음 - 전송 생략
[2025-05-27 15:18:02] [⏸️] 변화 없음 - 전송 생략
[2025-05-27 15:19:01] [⏸️] 변화 없음 - 전송 생략
[2025-05-27 15:20:01] [⏸️] 변화 없음 - 전송 생략
[2025-05-27 15:21:01] [⏸️] 변화 없음 - 전송 생략
[2025-05-27 15:22:01] [⏸️] 변화 없음 - 전송 생략
[2025-05-27 15:23:01] [⏸️] 변화 없음 - 전송 생략
[2025-05-27 15:24:01] [⏸️] 변화 없음 - 전송 생략
[2025-05-27 15:25:01] [⏸️] 변화 없음 - 전송 생략
[2025-05-27 15:26:01] [⏸️] 변화 없음 - 전송 생략
[2025-05-27 15:27:02] [⏸️] 변화 없음 - 전송 생략
[2025-05-27 15:28:01] [⏸️] 변화 없음 - 전송 생략
[2025-05-27 15:29:01] [⏸️] 변화 없음 - 전송 생략
[2025-05-27 15:30:01] [⏸️] 변화 없음 - 전송 생략
[2025-05-27 15:31:01] [⏸️] 변화 없음 - 전송 생략
[2025-05-27 15:32:01] [⏸️] 변화 없음 - 전송 생략
[2025-05-27 15:33:01] [⏸️] 변화 없음 - 전송 생략
[2025-05-27 15:34:01] [⏸️] 변화 없음 - 전송 생략
[2025-05-27 15:35:01] [⏸️] 변화 없음 - 전송 생략
[2025-05-27 15:36:02] [⏸️] 변화 없음 - 전송 생략
[2025-05-27 15:37:01] [⏸️] 변화 없음 - 전송 생략
[2025-05-27 15:38:01] [⏸️] 변화 없음 - 전송 생략
[2025-05-27 15:39:01] [⏸️] 변화 없음 - 전송 생략
[2025-05-27 15:40:01] [⏸️] 변화 없음 - 전송 생략
[2025-05-27 15:41:01] [⏸️] 변화 없음 - 전송 생략
[2025-05-27 15:42:01] [⏸️] 변화 없음 - 전송 생략
[2025-05-27 15:43:01] [⏸️] 변화 없음 - 전송 생략
[2025-05-27 15:44:01] [⏸️] 변화 없음 - 전송 생략
[2025-05-27 15:45:02] [⏸️] 변화 없음 - 전송 생략
[2025-05-27 15:46:01] [⏸️] 변화 없음 - 전송 생략
[2025-05-27 15:47:01] [⏸️] 변화 없음 - 전송 생략
[2025-05-27 15:48:01] [⏸️] 변화 없음 - 전송 생략
[2025-05-27 15:49:01] [⏸️] 변화 없음 - 전송 생략
[2025-05-27 15:50:01] [⏸️] 변화 없음 - 전송 생략
[2025-05-27 15:51:01] [⏸️] 변화 없음 - 전송 생략
[2025-05-27 15:52:01] [⏸️] 변화 없음 - 전송 생략
[2025-05-27 15:53:01] [⏸️] 변화 없음 - 전송 생략
[2025-05-27 15:54:02] [⏸️] 변화 없음 - 전송 생략
[2025-05-27 15:55:01] [⏸️] 변화 없음 - 전송 생략
[2025-05-27 15:56:01] [⏸️] 변화 없음 - 전송 생략
[2025-05-27 15:57:01] [⏸️] 변화 없음 - 전송 생략
[2025-05-27 15:58:01] [⏸️] 변화 없음 - 전송 생략
[2025-05-27 15:59:01] [⏸️] 변화 없음 - 전송 생략
[2025-05-27 15:59:51] [⏸️] 변화 없음 - 전송 생략
[2025-05-27 16:00:01] [⏸️] 변화 없음 - 전송 생략
[2025-05-27 16:01:01] [⏸️] 변화 없음 - 전송 생략
[2025-05-27 16:02:01] [⏸️] 변화 없음 - 전송 생략
[2025-05-27 16:03:02] [⏸️] 변화 없음 - 전송 생략
[2025-05-27 16:04:01] [⏸️] 변화 없음 - 전송 생략
[2025-05-27 16:05:01] [⏸️] 변화 없음 - 전송 생략
[2025-05-27 16:06:01] [⏸️] 변화 없음 - 전송 생략
[2025-05-27 16:07:01] [⏸️] 변화 없음 - 전송 생략
[2025-05-27 16:08:01] [⏸️] 변화 없음 - 전송 생략
[2025-05-27 16:08:11] [⏸️] 변화 없음 - 전송 생략
[2025-05-27 16:09:01] [⏸️] 변화 없음 - 전송 생략
[2025-05-27 16:10:01] [⏸️] 변화 없음 - 전송 생략
[2025-05-27 16:11:01] [⏸️] 변화 없음 - 전송 생략
[2025-05-27 16:12:02] [⏸️] 변화 없음 - 전송 생략
[2025-05-27 16:13:01] [⏸️] 변화 없음 - 전송 생략
[2025-05-27 16:14:01] [⏸️] 변화 없음 - 전송 생략
[2025-05-27 16:15:01] [⏸️] 변화 없음 - 전송 생략
[2025-05-27 16:16:01] [⏸️] 변화 없음 - 전송 생략
[2025-05-27 16:17:01] [⏸️] 변화 없음 - 전송 생략
[2025-05-27 16:18:01] [⏸️] 변화 없음 - 전송 생략
[2025-05-27 16:19:01] [⏸️] 변화 없음 - 전송 생략
[2025-05-27 16:20:01] [⏸️] 변화 없음 - 전송 생략
[2025-05-27 16:21:02] [⏸️] 변화 없음 - 전송 생략
[2025-05-27 16:22:01] [⏸️] 변화 없음 - 전송 생략
[2025-05-27 16:23:01] [⏸️] 변화 없음 - 전송 생략
[2025-05-27 16:24:01] [⏸️] 변화 없음 - 전송 생략
[2025-05-27 16:25:01] [⏸️] 변화 없음 - 전송 생략
[2025-05-27 16:26:01] [⏸️] 변화 없음 - 전송 생략
[2025-05-27 16:27:01] [⏸️] 변화 없음 - 전송 생략
[2025-05-27 16:28:01] [⏸️] 변화 없음 - 전송 생략
[2025-05-27 16:29:01] [⏸️] 변화 없음 - 전송 생략
[2025-05-27 16:30:02] [⏸️] 변화 없음 - 전송 생략
[2025-05-27 16:31:01] [⏸️] 변화 없음 - 전송 생략
[2025-05-27 16:32:01] [⏸️] 변화 없음 - 전송 생략
[2025-05-27 16:33:01] [⏸️] 변화 없음 - 전송 생략
[2025-05-27 16:34:01] [⏸️] 변화 없음 - 전송 생략
[2025-05-27 16:35:01] [⏸️] 변화 없음 - 전송 생략
[2025-05-27 16:36:01] [⏸️] 변화 없음 - 전송 생략
[2025-05-27 16:37:01] [⏸️] 변화 없음 - 전송 생략
[2025-05-27 16:38:01] [⏸️] 변화 없음 - 전송 생략
[2025-05-27 16:39:02] [⏸️] 변화 없음 - 전송 생략
[2025-05-27 16:40:01] [⏸️] 변화 없음 - 전송 생략
[2025-05-27 16:41:01] [⏸️] 변화 없음 - 전송 생략
[2025-05-27 16:42:01] [⏸️] 변화 없음 - 전송 생략
[2025-05-27 16:43:01] [⏸️] 변화 없음 - 전송 생략
[2025-05-27 16:44:01] [⏸️] 변화 없음 - 전송 생략
[2025-05-27 16:45:01] [⏸️] 변화 없음 - 전송 생략
[2025-05-27 16:46:01] [⏸️] 변화 없음 - 전송 생략
[2025-05-27 16:47:01] [⏸️] 변화 없음 - 전송 생략
[2025-05-27 16:48:02] [⏸️] 변화 없음 - 전송 생략
[2025-05-27 16:49:01] [⏸️] 변화 없음 - 전송 생략
[2025-05-27 16:50:01] [⏸️] 변화 없음 - 전송 생략
[2025-05-27 16:51:01] [⏸️] 변화 없음 - 전송 생략
[2025-05-27 16:52:01] [⏸️] 변화 없음 - 전송 생략
[2025-05-27 16:53:01] [⏸️] 변화 없음 - 전송 생략
[2025-05-27 16:54:01] [⏸️] 변화 없음 - 전송 생략
[2025-05-27 16:55:01] [⏸️] 변화 없음 - 전송 생략
[2025-05-27 16:56:01] [⏸️] 변화 없음 - 전송 생략
[2025-05-27 16:57:02] [⏸️] 변화 없음 - 전송 생략
[2025-05-27 16:58:01] [⏸️] 변화 없음 - 전송 생략
[2025-05-27 16:59:01] [⏸️] 변화 없음 - 전송 생략
[2025-05-27 17:00:01] [⏸️] 변화 없음 - 전송 생략
[2025-05-27 17:01:01] [⏸️] 변화 없음 - 전송 생략
[2025-05-27 17:02:01] [⏸️] 변화 없음 - 전송 생략
[2025-05-27 17:03:01] [⏸️] 변화 없음 - 전송 생략
[2025-05-27 17:04:01] [⏸️] 변화 없음 - 전송 생략
[2025-05-27 17:05:01] [⏸️] 변화 없음 - 전송 생략
[2025-05-27 17:06:02] [⏸️] 변화 없음 - 전송 생략
[2025-05-27 17:07:01] [⏸️] 변화 없음 - 전송 생략
[2025-05-27 17:08:01] [📢] 변화 감지됨 - 전송 실행
[2025-05-27 17:08:01] [📤] 전송 성공 → duri-brain (192.168.0.9)
[2025-05-27 17:08:12] [📤] 전송 성공 → duri-control (192.168.0.11)
[2025-05-27 17:08:13] [📤] 전송 성공 → duri-evolution (192.168.0.20)
[2025-05-27 17:09:01] [⏸️] 변화 없음 - 전송 생략
[2025-05-27 17:10:01] [⏸️] 변화 없음 - 전송 생략
[2025-05-27 17:10:32] [⏸️] 변화 없음 - 전송 생략
[2025-05-27 17:11:01] [⏸️] 변화 없음 - 전송 생략
[2025-05-27 17:12:01] [⏸️] 변화 없음 - 전송 생략
[2025-05-27 17:13:01] [⏸️] 변화 없음 - 전송 생략
[2025-05-27 17:14:01] [⏸️] 변화 없음 - 전송 생략
[2025-05-27 17:15:01] [⏸️] 변화 없음 - 전송 생략
[2025-05-27 17:16:01] [⏸️] 변화 없음 - 전송 생략
[2025-05-27 17:17:01] [⏸️] 변화 없음 - 전송 생략
[2025-05-27 17:18:01] [⏸️] 변화 없음 - 전송 생략
[2025-05-27 17:19:01] [⏸️] 변화 없음 - 전송 생략
[2025-05-27 17:20:01] [⏸️] 변화 없음 - 전송 생략
[2025-05-27 17:21:01] [⏸️] 변화 없음 - 전송 생략
[2025-05-27 17:22:01] [⏸️] 변화 없음 - 전송 생략
[2025-05-27 17:23:01] [⏸️] 변화 없음 - 전송 생략
[2025-05-27 17:24:01] [⏸️] 변화 없음 - 전송 생략
[2025-05-27 17:25:01] [⏸️] 변화 없음 - 전송 생략
[2025-05-27 17:26:01] [⏸️] 변화 없음 - 전송 생략
[2025-05-27 17:27:01] [⏸️] 변화 없음 - 전송 생략
[2025-05-27 17:28:01] [⏸️] 변화 없음 - 전송 생략
[2025-05-27 17:29:01] [⏸️] 변화 없음 - 전송 생략
[2025-05-27 17:30:01] [⏸️] 변화 없음 - 전송 생략
[2025-05-27 17:31:01] [⏸️] 변화 없음 - 전송 생략
[2025-05-27 17:32:01] [⏸️] 변화 없음 - 전송 생략
[2025-05-27 17:33:01] [⏸️] 변화 없음 - 전송 생략
[2025-05-27 17:34:01] [⏸️] 변화 없음 - 전송 생략
[2025-05-27 17:35:01] [⏸️] 변화 없음 - 전송 생략
[2025-05-27 17:35:03] [⏸️] 변화 없음 - 전송 생략
[2025-05-27 17:36:01] [⏸️] 변화 없음 - 전송 생략
[2025-05-27 17:37:01] [⏸️] 변화 없음 - 전송 생략
[2025-05-27 17:38:01] [⏸️] 변화 없음 - 전송 생략
[2025-05-27 17:39:01] [⏸️] 변화 없음 - 전송 생략
[2025-05-27 17:40:01] [⏸️] 변화 없음 - 전송 생략
[2025-05-27 17:40:17] [⏸️] 변화 없음 - 전송 생략
[2025-05-27 17:40:55] [⏸️] 변화 없음 - 전송 생략
[2025-05-27 17:41:02] [⏸️] 변화 없음 - 전송 생략
[2025-05-27 17:42:01] [⏸️] 변화 없음 - 전송 생략
[2025-05-27 17:43:01] [⏸️] 변화 없음 - 전송 생략
[2025-05-27 17:44:01] [⏸️] 변화 없음 - 전송 생략
[2025-05-27 17:45:01] [⏸️] 변화 없음 - 전송 생략
[2025-05-27 17:46:01] [⏸️] 변화 없음 - 전송 생략
[2025-05-27 17:47:01] [⏸️] 변화 없음 - 전송 생략
[2025-05-27 17:48:01] [⏸️] 변화 없음 - 전송 생략
[2025-05-27 17:49:01] [⏸️] 변화 없음 - 전송 생략
[2025-05-27 17:50:02] [⏸️] 변화 없음 - 전송 생략
[2025-05-27 17:51:01] [⏸️] 변화 없음 - 전송 생략
[2025-05-27 17:52:01] [⏸️] 변화 없음 - 전송 생략
[2025-05-27 17:53:01] [⏸️] 변화 없음 - 전송 생략
[2025-05-27 17:54:01] [⏸️] 변화 없음 - 전송 생략
[2025-05-27 17:55:01] [⏸️] 변화 없음 - 전송 생략
[2025-05-27 17:56:01] [⏸️] 변화 없음 - 전송 생략
[2025-05-27 17:57:01] [⏸️] 변화 없음 - 전송 생략
[2025-05-27 17:58:01] [⏸️] 변화 없음 - 전송 생략
[2025-05-27 17:59:01] [⏸️] 변화 없음 - 전송 생략
[2025-05-27 18:00:01] [⏸️] 변화 없음 - 전송 생략
[2025-05-27 18:01:01] [⏸️] 변화 없음 - 전송 생략
[2025-05-27 18:02:01] [⏸️] 변화 없음 - 전송 생략
[2025-05-27 18:03:01] [⏸️] 변화 없음 - 전송 생략
[2025-05-27 18:04:01] [⏸️] 변화 없음 - 전송 생략
[2025-05-27 18:05:01] [⏸️] 변화 없음 - 전송 생략
[2025-05-27 18:06:01] [⏸️] 변화 없음 - 전송 생략
[2025-05-27 18:07:01] [⏸️] 변화 없음 - 전송 생략
[2025-05-27 18:08:01] [⏸️] 변화 없음 - 전송 생략
[2025-05-27 18:09:01] [⏸️] 변화 없음 - 전송 생략
[2025-05-27 18:10:01] [⏸️] 변화 없음 - 전송 생략
[2025-05-27 18:11:01] [⏸️] 변화 없음 - 전송 생략
[2025-05-27 18:12:01] [⏸️] 변화 없음 - 전송 생략
[2025-05-27 18:13:01] [⏸️] 변화 없음 - 전송 생략
[2025-05-27 18:14:01] [⏸️] 변화 없음 - 전송 생략
[2025-05-27 18:15:01] [⏸️] 변화 없음 - 전송 생략
[2025-05-27 18:16:01] [⏸️] 변화 없음 - 전송 생략
[2025-05-28 08:31:01] [❌] delta.json 없음 또는 비정상
[2025-05-28 08:32:01] [❌] delta.json 없음 또는 비정상
[2025-05-28 08:33:01] [❌] delta.json 없음 또는 비정상
[2025-05-28 08:34:01] [❌] delta.json 없음 또는 비정상
[2025-05-28 08:35:01] [❌] delta.json 없음 또는 비정상
[2025-05-28 08:36:01] [❌] delta.json 없음 또는 비정상
[2025-05-28 08:37:01] [❌] delta.json 없음 또는 비정상
[2025-05-28 08:38:01] [❌] delta.json 없음 또는 비정상
[2025-05-28 08:39:01] [❌] delta.json 없음 또는 비정상
[2025-05-28 08:40:01] [❌] delta.json 없음 또는 비정상
[2025-05-28 08:41:01] [❌] delta.json 없음 또는 비정상
[2025-05-28 08:42:01] [❌] delta.json 없음 또는 비정상
[2025-05-28 08:43:01] [❌] delta.json 없음 또는 비정상
[2025-05-28 08:44:01] [❌] delta.json 없음 또는 비정상
[2025-05-28 08:45:01] [❌] delta.json 없음 또는 비정상
[2025-05-28 08:46:01] [❌] delta.json 없음 또는 비정상
[2025-05-28 08:47:01] [❌] delta.json 없음 또는 비정상
[2025-05-28 08:48:01] [❌] delta.json 없음 또는 비정상
[2025-05-28 08:49:01] [❌] delta.json 없음 또는 비정상
[2025-05-28 08:50:01] [❌] delta.json 없음 또는 비정상
[2025-05-28 08:51:01] [❌] delta.json 없음 또는 비정상
[2025-05-28 08:52:01] [❌] delta.json 없음 또는 비정상
[2025-05-28 08:53:01] [❌] delta.json 없음 또는 비정상
[2025-05-28 08:54:01] [❌] delta.json 없음 또는 비정상
[2025-05-28 08:55:01] [❌] delta.json 없음 또는 비정상
[2025-05-28 08:56:01] [❌] delta.json 없음 또는 비정상
[2025-05-28 08:57:01] [❌] delta.json 없음 또는 비정상
[2025-05-28 08:58:01] [❌] delta.json 없음 또는 비정상
[2025-05-28 08:59:01] [❌] delta.json 없음 또는 비정상
[2025-05-28 09:00:01] [❌] delta.json 없음 또는 비정상
[2025-05-28 09:01:01] [❌] delta.json 없음 또는 비정상
[2025-05-28 09:02:01] [❌] delta.json 없음 또는 비정상
[2025-05-28 09:03:01] [❌] delta.json 없음 또는 비정상
[2025-05-28 09:04:01] [❌] delta.json 없음 또는 비정상
[2025-05-28 09:05:01] [❌] delta.json 없음 또는 비정상
[2025-05-28 09:06:01] [❌] delta.json 없음 또는 비정상
[2025-05-28 09:07:01] [❌] delta.json 없음 또는 비정상
[2025-05-28 09:08:01] [❌] delta.json 없음 또는 비정상
[2025-05-28 09:09:01] [❌] delta.json 없음 또는 비정상
[2025-05-28 09:10:01] [❌] delta.json 없음 또는 비정상
[2025-05-28 09:11:01] [❌] delta.json 없음 또는 비정상
[2025-05-28 09:12:01] [❌] delta.json 없음 또는 비정상
[2025-05-28 09:13:01] [❌] delta.json 없음 또는 비정상
[2025-05-28 09:14:01] [❌] delta.json 없음 또는 비정상
[2025-05-28 09:15:01] [❌] delta.json 없음 또는 비정상
[2025-05-28 09:16:01] [❌] delta.json 없음 또는 비정상
[2025-05-28 09:17:01] [❌] delta.json 없음 또는 비정상
[2025-05-28 09:18:01] [❌] delta.json 없음 또는 비정상
[2025-05-28 09:19:01] [❌] delta.json 없음 또는 비정상
[2025-05-28 09:20:01] [❌] delta.json 없음 또는 비정상
[2025-05-28 09:21:01] [❌] delta.json 없음 또는 비정상
[2025-05-28 09:22:01] [❌] delta.json 없음 또는 비정상
[2025-05-28 09:23:01] [❌] delta.json 없음 또는 비정상
[2025-05-28 09:24:01] [❌] delta.json 없음 또는 비정상
[2025-05-28 09:25:01] [❌] delta.json 없음 또는 비정상
[2025-05-28 09:26:01] [❌] delta.json 없음 또는 비정상
[2025-05-28 09:27:01] [❌] delta.json 없음 또는 비정상
[2025-05-28 09:28:01] [❌] delta.json 없음 또는 비정상
[2025-05-28 09:29:01] [❌] delta.json 없음 또는 비정상
[2025-05-28 09:30:01] [❌] delta.json 없음 또는 비정상
[2025-05-28 09:31:01] [❌] delta.json 없음 또는 비정상
[2025-05-28 09:32:01] [❌] delta.json 없음 또는 비정상
[2025-05-28 09:33:01] [❌] delta.json 없음 또는 비정상
[2025-05-28 09:34:02] [❌] delta.json 없음 또는 비정상
[2025-05-28 09:35:01] [❌] delta.json 없음 또는 비정상
[2025-05-28 09:36:01] [❌] delta.json 없음 또는 비정상
[2025-05-28 09:37:01] [❌] delta.json 없음 또는 비정상
[2025-05-28 09:38:01] [❌] delta.json 없음 또는 비정상
[2025-05-28 09:39:01] [❌] delta.json 없음 또는 비정상
[2025-05-28 09:40:01] [❌] delta.json 없음 또는 비정상
[2025-05-28 09:41:01] [❌] delta.json 없음 또는 비정상
[2025-05-28 09:42:01] [❌] delta.json 없음 또는 비정상
[2025-05-28 09:43:02] [❌] delta.json 없음 또는 비정상
[2025-05-28 09:44:01] [❌] delta.json 없음 또는 비정상
[2025-05-28 09:45:01] [❌] delta.json 없음 또는 비정상
[2025-05-28 09:46:01] [❌] delta.json 없음 또는 비정상
[2025-05-28 09:47:01] [❌] delta.json 없음 또는 비정상
[2025-05-28 09:48:01] [❌] delta.json 없음 또는 비정상
[2025-05-28 09:49:01] [❌] delta.json 없음 또는 비정상
[2025-05-28 09:50:01] [❌] delta.json 없음 또는 비정상
[2025-05-28 09:51:01] [❌] delta.json 없음 또는 비정상
[2025-05-28 09:52:01] [❌] delta.json 없음 또는 비정상
[2025-05-28 09:53:01] [❌] delta.json 없음 또는 비정상
[2025-05-28 09:54:01] [❌] delta.json 없음 또는 비정상
[2025-05-28 09:55:01] [❌] delta.json 없음 또는 비정상
[2025-05-28 09:56:01] [❌] delta.json 없음 또는 비정상
[2025-05-28 09:57:01] [❌] delta.json 없음 또는 비정상
[2025-05-28 09:58:01] [❌] delta.json 없음 또는 비정상
[2025-05-28 09:59:01] [❌] delta.json 없음 또는 비정상
[2025-05-28 10:00:01] [❌] delta.json 없음 또는 비정상
[2025-05-28 10:01:01] [❌] delta.json 없음 또는 비정상
[2025-05-28 10:02:01] [❌] delta.json 없음 또는 비정상
[2025-05-28 10:03:01] [❌] delta.json 없음 또는 비정상
[2025-05-28 10:04:01] [❌] delta.json 없음 또는 비정상
[2025-05-28 10:05:01] [❌] delta.json 없음 또는 비정상
[2025-05-28 10:06:01] [❌] delta.json 없음 또는 비정상
[2025-05-28 10:07:01] [❌] delta.json 없음 또는 비정상
[2025-05-28 10:08:01] [❌] delta.json 없음 또는 비정상
[2025-05-28 10:09:01] [❌] delta.json 없음 또는 비정상
[2025-05-28 10:10:01] [❌] delta.json 없음 또는 비정상
[2025-05-28 10:11:01] [❌] delta.json 없음 또는 비정상
[2025-05-28 10:12:01] [❌] delta.json 없음 또는 비정상
[2025-05-28 10:13:01] [❌] delta.json 없음 또는 비정상
[2025-05-28 10:14:01] [❌] delta.json 없음 또는 비정상
[2025-05-28 10:15:01] [❌] delta.json 없음 또는 비정상
[2025-05-28 10:16:01] [❌] delta.json 없음 또는 비정상
[2025-05-28 10:17:01] [❌] delta.json 없음 또는 비정상
[2025-05-28 10:18:01] [❌] delta.json 없음 또는 비정상
[2025-05-28 10:19:01] [❌] delta.json 없음 또는 비정상
[2025-05-28 10:20:01] [❌] delta.json 없음 또는 비정상
[2025-05-28 10:21:01] [❌] delta.json 없음 또는 비정상
[2025-05-28 10:22:01] [❌] delta.json 없음 또는 비정상
[2025-05-28 10:23:01] [❌] delta.json 없음 또는 비정상
[2025-05-28 10:24:01] [❌] delta.json 없음 또는 비정상
[2025-05-28 10:25:01] [❌] delta.json 없음 또는 비정상
[2025-05-28 10:26:01] [❌] delta.json 없음 또는 비정상
[2025-05-28 10:27:01] [❌] delta.json 없음 또는 비정상
[2025-05-28 10:28:01] [❌] delta.json 없음 또는 비정상
[2025-05-28 10:29:01] [❌] delta.json 없음 또는 비정상
[2025-05-28 10:30:01] [❌] delta.json 없음 또는 비정상
[2025-05-28 10:31:01] [❌] delta.json 없음 또는 비정상
[2025-05-28 10:32:01] [❌] delta.json 없음 또는 비정상
[2025-05-28 10:33:01] [❌] delta.json 없음 또는 비정상
[2025-05-28 10:34:01] [❌] delta.json 없음 또는 비정상
[2025-05-28 10:35:01] [❌] delta.json 없음 또는 비정상
[2025-05-28 10:36:01] [❌] delta.json 없음 또는 비정상
[2025-05-28 10:37:01] [❌] delta.json 없음 또는 비정상
[2025-05-28 10:38:01] [❌] delta.json 없음 또는 비정상
[2025-05-28 10:39:01] [❌] delta.json 없음 또는 비정상
[2025-05-28 10:40:01] [❌] delta.json 없음 또는 비정상
[2025-05-28 10:41:01] [❌] delta.json 없음 또는 비정상
[2025-05-28 10:42:01] [❌] delta.json 없음 또는 비정상
[2025-05-28 10:43:01] [❌] delta.json 없음 또는 비정상
[2025-05-28 10:44:01] [❌] delta.json 없음 또는 비정상
[2025-05-28 10:45:01] [❌] delta.json 없음 또는 비정상
[2025-05-28 10:46:01] [❌] delta.json 없음 또는 비정상
[2025-05-28 10:47:01] [❌] delta.json 없음 또는 비정상
[2025-05-28 10:48:01] [❌] delta.json 없음 또는 비정상
[2025-05-28 10:49:01] [❌] delta.json 없음 또는 비정상
[2025-05-28 10:50:01] [❌] delta.json 없음 또는 비정상
[2025-05-28 10:51:01] [❌] delta.json 없음 또는 비정상
[2025-05-28 10:52:01] [❌] delta.json 없음 또는 비정상
[2025-05-28 10:53:01] [❌] delta.json 없음 또는 비정상
[2025-05-28 10:54:01] [❌] delta.json 없음 또는 비정상
[2025-05-28 10:55:01] [❌] delta.json 없음 또는 비정상
[2025-05-28 10:56:01] [❌] delta.json 없음 또는 비정상
[2025-05-28 10:57:01] [❌] delta.json 없음 또는 비정상
[2025-05-28 10:58:01] [❌] delta.json 없음 또는 비정상
[2025-05-28 10:59:01] [❌] delta.json 없음 또는 비정상
[2025-05-28 11:00:01] [❌] delta.json 없음 또는 비정상
[2025-05-28 11:01:01] [❌] delta.json 없음 또는 비정상
[2025-05-28 11:02:01] [❌] delta.json 없음 또는 비정상
[2025-05-28 11:03:01] [❌] delta.json 없음 또는 비정상
[2025-05-28 11:04:01] [❌] delta.json 없음 또는 비정상
[2025-05-28 11:05:01] [❌] delta.json 없음 또는 비정상
[2025-05-28 11:06:01] [❌] delta.json 없음 또는 비정상
[2025-05-28 11:07:01] [❌] delta.json 없음 또는 비정상
[2025-05-28 11:08:01] [❌] delta.json 없음 또는 비정상
[2025-05-28 11:09:01] [❌] delta.json 없음 또는 비정상
[2025-05-28 11:10:01] [❌] delta.json 없음 또는 비정상
[2025-05-28 11:11:01] [❌] delta.json 없음 또는 비정상
[2025-05-28 11:12:01] [❌] delta.json 없음 또는 비정상
[2025-05-28 11:13:01] [❌] delta.json 없음 또는 비정상
[2025-05-28 11:14:01] [❌] delta.json 없음 또는 비정상
[2025-05-28 11:15:01] [❌] delta.json 없음 또는 비정상
[2025-05-28 11:16:01] [❌] delta.json 없음 또는 비정상
[2025-05-28 11:17:01] [❌] delta.json 없음 또는 비정상
[2025-05-28 11:18:01] [❌] delta.json 없음 또는 비정상
[2025-05-28 11:19:01] [❌] delta.json 없음 또는 비정상
[2025-05-28 11:20:01] [❌] delta.json 없음 또는 비정상
[2025-05-28 11:21:01] [❌] delta.json 없음 또는 비정상
[2025-05-28 11:22:01] [❌] delta.json 없음 또는 비정상
[2025-05-28 11:23:01] [❌] delta.json 없음 또는 비정상
[2025-05-28 11:24:01] [❌] delta.json 없음 또는 비정상
[2025-05-28 11:25:01] [❌] delta.json 없음 또는 비정상
[2025-05-28 11:26:01] [❌] delta.json 없음 또는 비정상
[2025-05-28 11:27:01] [❌] delta.json 없음 또는 비정상
[2025-05-28 11:28:01] [❌] delta.json 없음 또는 비정상
[2025-05-28 11:29:01] [❌] delta.json 없음 또는 비정상
[2025-05-28 11:30:01] [❌] delta.json 없음 또는 비정상
[2025-05-28 11:31:01] [❌] delta.json 없음 또는 비정상
[2025-05-28 11:32:01] [❌] delta.json 없음 또는 비정상
[2025-05-28 11:33:01] [❌] delta.json 없음 또는 비정상
[2025-05-28 11:34:01] [❌] delta.json 없음 또는 비정상
[2025-05-28 11:35:01] [❌] delta.json 없음 또는 비정상
[2025-05-28 11:36:01] [❌] delta.json 없음 또는 비정상
[2025-05-28 11:37:01] [❌] delta.json 없음 또는 비정상
[2025-05-28 11:38:01] [❌] delta.json 없음 또는 비정상
[2025-05-28 11:39:01] [❌] delta.json 없음 또는 비정상
[2025-05-28 11:40:01] [❌] delta.json 없음 또는 비정상
[2025-05-28 11:41:01] [❌] delta.json 없음 또는 비정상
[2025-05-28 11:42:01] [❌] delta.json 없음 또는 비정상
[2025-05-28 11:43:01] [❌] delta.json 없음 또는 비정상
[2025-05-28 11:44:01] [❌] delta.json 없음 또는 비정상
[2025-05-28 11:45:01] [❌] delta.json 없음 또는 비정상
[2025-05-28 11:46:01] [❌] delta.json 없음 또는 비정상
[2025-05-28 11:47:01] [❌] delta.json 없음 또는 비정상
[2025-05-28 11:48:01] [❌] delta.json 없음 또는 비정상
[2025-05-28 11:49:01] [❌] delta.json 없음 또는 비정상
[2025-05-28 11:50:01] [❌] delta.json 없음 또는 비정상
[2025-05-28 11:51:01] [❌] delta.json 없음 또는 비정상
[2025-05-28 11:52:01] [❌] delta.json 없음 또는 비정상
[2025-05-28 11:53:01] [❌] delta.json 없음 또는 비정상
[2025-05-28 11:54:01] [❌] delta.json 없음 또는 비정상
[2025-05-28 11:55:01] [❌] delta.json 없음 또는 비정상
[2025-05-28 11:56:01] [❌] delta.json 없음 또는 비정상
[2025-05-28 11:57:02] [❌] delta.json 없음 또는 비정상
[2025-05-28 11:58:01] [❌] delta.json 없음 또는 비정상
[2025-05-28 11:59:01] [❌] delta.json 없음 또는 비정상
[2025-05-28 12:00:01] [❌] delta.json 없음 또는 비정상
[2025-05-28 12:01:01] [❌] delta.json 없음 또는 비정상
[2025-05-28 12:02:01] [❌] delta.json 없음 또는 비정상
[2025-05-28 12:03:01] [❌] delta.json 없음 또는 비정상
[2025-05-28 12:04:01] [❌] delta.json 없음 또는 비정상
[2025-05-28 12:05:01] [❌] delta.json 없음 또는 비정상
[2025-05-28 12:06:02] [❌] delta.json 없음 또는 비정상
[2025-05-28 12:07:01] [❌] delta.json 없음 또는 비정상
[2025-05-28 12:08:01] [❌] delta.json 없음 또는 비정상
[2025-05-28 12:09:01] [❌] delta.json 없음 또는 비정상
[2025-05-28 12:10:01] [❌] delta.json 없음 또는 비정상
[2025-05-28 12:11:01] [❌] delta.json 없음 또는 비정상
[2025-05-28 12:12:01] [❌] delta.json 없음 또는 비정상
[2025-05-28 12:13:01] [❌] delta.json 없음 또는 비정상
[2025-05-28 12:14:01] [❌] delta.json 없음 또는 비정상
[2025-05-28 12:15:02] [❌] delta.json 없음 또는 비정상
[2025-05-28 12:16:01] [❌] delta.json 없음 또는 비정상
[2025-05-28 12:17:01] [❌] delta.json 없음 또는 비정상
[2025-05-28 12:18:01] [❌] delta.json 없음 또는 비정상
[2025-05-28 12:19:01] [❌] delta.json 없음 또는 비정상
[2025-05-28 12:20:01] [❌] delta.json 없음 또는 비정상
[2025-05-28 12:21:01] [❌] delta.json 없음 또는 비정상
[2025-05-28 12:22:01] [❌] delta.json 없음 또는 비정상
[2025-05-28 12:23:01] [❌] delta.json 없음 또는 비정상
[2025-05-28 12:24:02] [❌] delta.json 없음 또는 비정상
[2025-05-28 12:25:01] [❌] delta.json 없음 또는 비정상
[2025-05-28 12:26:01] [❌] delta.json 없음 또는 비정상
[2025-05-28 12:27:01] [❌] delta.json 없음 또는 비정상
[2025-05-28 12:28:01] [❌] delta.json 없음 또는 비정상
[2025-05-28 12:29:01] [❌] delta.json 없음 또는 비정상
[2025-05-28 12:30:01] [❌] delta.json 없음 또는 비정상
[2025-05-28 12:31:01] [❌] delta.json 없음 또는 비정상
[2025-05-28 12:32:01] [❌] delta.json 없음 또는 비정상
[2025-05-28 12:33:02] [❌] delta.json 없음 또는 비정상
[2025-05-28 12:34:01] [❌] delta.json 없음 또는 비정상
[2025-05-28 12:35:01] [❌] delta.json 없음 또는 비정상
[2025-05-28 12:36:01] [❌] delta.json 없음 또는 비정상
[2025-05-28 12:37:01] [❌] delta.json 없음 또는 비정상
[2025-05-28 12:38:01] [❌] delta.json 없음 또는 비정상
[2025-05-28 12:39:01] [❌] delta.json 없음 또는 비정상
[2025-05-28 12:40:01] [❌] delta.json 없음 또는 비정상
[2025-05-28 12:41:01] [❌] delta.json 없음 또는 비정상
[2025-05-28 12:42:02] [❌] delta.json 없음 또는 비정상
[2025-05-28 12:43:01] [❌] delta.json 없음 또는 비정상
[2025-05-28 12:44:01] [❌] delta.json 없음 또는 비정상
[2025-05-28 12:45:01] [❌] delta.json 없음 또는 비정상
[2025-05-28 12:46:01] [❌] delta.json 없음 또는 비정상
[2025-05-28 12:47:01] [❌] delta.json 없음 또는 비정상
[2025-05-28 12:48:01] [❌] delta.json 없음 또는 비정상
[2025-05-28 12:49:01] [❌] delta.json 없음 또는 비정상
[2025-05-28 12:50:01] [❌] delta.json 없음 또는 비정상
[2025-05-28 12:51:02] [❌] delta.json 없음 또는 비정상
[2025-05-28 12:52:01] [❌] delta.json 없음 또는 비정상
[2025-05-28 12:53:01] [❌] delta.json 없음 또는 비정상
[2025-05-28 12:54:01] [❌] delta.json 없음 또는 비정상
[2025-05-28 12:55:01] [❌] delta.json 없음 또는 비정상
[2025-05-28 12:56:01] [❌] delta.json 없음 또는 비정상
[2025-05-28 12:57:01] [❌] delta.json 없음 또는 비정상
[2025-05-28 12:58:01] [❌] delta.json 없음 또는 비정상
[2025-05-28 12:59:01] [❌] delta.json 없음 또는 비정상
[2025-05-28 13:00:02] [❌] delta.json 없음 또는 비정상
[2025-05-28 13:01:01] [❌] delta.json 없음 또는 비정상
[2025-05-28 13:02:01] [❌] delta.json 없음 또는 비정상
[2025-05-28 13:03:01] [❌] delta.json 없음 또는 비정상
[2025-05-28 13:04:01] [❌] delta.json 없음 또는 비정상
[2025-05-28 13:05:01] [❌] delta.json 없음 또는 비정상
[2025-05-28 13:06:01] [❌] delta.json 없음 또는 비정상
[2025-05-28 13:07:01] [❌] delta.json 없음 또는 비정상
[2025-05-28 13:08:01] [❌] delta.json 없음 또는 비정상
[2025-05-28 13:09:01] [❌] delta.json 없음 또는 비정상
[2025-05-28 13:10:01] [❌] delta.json 없음 또는 비정상
[2025-05-28 13:11:01] [❌] delta.json 없음 또는 비정상
[2025-05-28 13:12:01] [❌] delta.json 없음 또는 비정상
[2025-05-28 13:13:01] [❌] delta.json 없음 또는 비정상
[2025-05-28 13:14:01] [❌] delta.json 없음 또는 비정상
[2025-05-28 13:15:01] [❌] delta.json 없음 또는 비정상
[2025-05-28 13:16:01] [❌] delta.json 없음 또는 비정상
[2025-05-28 13:17:01] [❌] delta.json 없음 또는 비정상
[2025-05-28 13:18:01] [❌] delta.json 없음 또는 비정상
[2025-05-28 13:19:01] [❌] delta.json 없음 또는 비정상
[2025-05-28 13:20:01] [❌] delta.json 없음 또는 비정상
[2025-05-28 13:21:01] [❌] delta.json 없음 또는 비정상
[2025-05-28 13:22:01] [❌] delta.json 없음 또는 비정상
[2025-05-28 13:23:01] [❌] delta.json 없음 또는 비정상
[2025-05-28 13:24:01] [❌] delta.json 없음 또는 비정상
[2025-05-28 13:25:01] [❌] delta.json 없음 또는 비정상
[2025-05-28 13:26:01] [❌] delta.json 없음 또는 비정상
[2025-05-28 13:27:01] [❌] delta.json 없음 또는 비정상
[2025-05-28 13:28:01] [❌] delta.json 없음 또는 비정상
[2025-05-28 13:29:01] [❌] delta.json 없음 또는 비정상
[2025-05-28 13:30:01] [❌] delta.json 없음 또는 비정상
[2025-05-28 13:31:01] [❌] delta.json 없음 또는 비정상
[2025-05-28 13:32:01] [❌] delta.json 없음 또는 비정상
[2025-05-28 13:33:01] [❌] delta.json 없음 또는 비정상
[2025-05-28 13:34:01] [❌] delta.json 없음 또는 비정상
[2025-05-28 13:35:01] [❌] delta.json 없음 또는 비정상
[2025-05-28 13:36:01] [❌] delta.json 없음 또는 비정상
[2025-05-28 13:37:01] [❌] delta.json 없음 또는 비정상
[2025-05-28 13:38:01] [❌] delta.json 없음 또는 비정상
[2025-05-28 13:39:01] [❌] delta.json 없음 또는 비정상
[2025-05-28 13:40:01] [❌] delta.json 없음 또는 비정상
[2025-05-28 13:41:01] [❌] delta.json 없음 또는 비정상
[2025-05-28 13:42:01] [❌] delta.json 없음 또는 비정상
[2025-05-28 13:43:01] [❌] delta.json 없음 또는 비정상
[2025-05-28 13:44:01] [❌] delta.json 없음 또는 비정상
[2025-05-28 13:45:01] [❌] delta.json 없음 또는 비정상
[2025-05-28 13:46:01] [❌] delta.json 없음 또는 비정상
[2025-05-28 13:47:01] [❌] delta.json 없음 또는 비정상
[2025-05-28 13:48:01] [❌] delta.json 없음 또는 비정상
[2025-05-28 13:49:01] [❌] delta.json 없음 또는 비정상
[2025-05-28 13:50:01] [❌] delta.json 없음 또는 비정상
[2025-05-28 13:51:01] [❌] delta.json 없음 또는 비정상
[2025-05-28 13:52:01] [❌] delta.json 없음 또는 비정상
[2025-05-28 13:53:01] [❌] delta.json 없음 또는 비정상
[2025-05-28 13:54:01] [❌] delta.json 없음 또는 비정상
[2025-05-28 13:55:01] [❌] delta.json 없음 또는 비정상
[2025-05-28 13:56:01] [❌] delta.json 없음 또는 비정상
[2025-05-28 13:57:01] [❌] delta.json 없음 또는 비정상
[2025-05-28 13:58:01] [❌] delta.json 없음 또는 비정상
[2025-05-28 13:59:01] [❌] delta.json 없음 또는 비정상
[2025-05-28 14:00:01] [❌] delta.json 없음 또는 비정상
[2025-05-28 14:01:01] [❌] delta.json 없음 또는 비정상
[2025-05-28 14:02:01] [❌] delta.json 없음 또는 비정상
[2025-05-28 14:03:01] [❌] delta.json 없음 또는 비정상
[2025-05-28 14:04:01] [❌] delta.json 없음 또는 비정상
[2025-05-28 14:05:01] [❌] delta.json 없음 또는 비정상
[2025-05-28 14:06:01] [❌] delta.json 없음 또는 비정상
[2025-05-28 14:07:01] [❌] delta.json 없음 또는 비정상
[2025-05-28 14:08:01] [❌] delta.json 없음 또는 비정상
[2025-05-28 14:09:01] [❌] delta.json 없음 또는 비정상
[2025-05-28 14:10:01] [❌] delta.json 없음 또는 비정상
[2025-05-28 14:11:01] [❌] delta.json 없음 또는 비정상
[2025-05-28 14:12:01] [❌] delta.json 없음 또는 비정상
[2025-05-28 14:13:01] [❌] delta.json 없음 또는 비정상
[2025-05-28 14:14:01] [❌] delta.json 없음 또는 비정상
[2025-05-28 14:15:01] [❌] delta.json 없음 또는 비정상
[2025-05-28 14:16:01] [❌] delta.json 없음 또는 비정상
[2025-05-28 14:17:01] [❌] delta.json 없음 또는 비정상
[2025-05-28 14:18:01] [❌] delta.json 없음 또는 비정상
[2025-05-28 14:19:01] [❌] delta.json 없음 또는 비정상
[2025-05-28 14:20:01] [❌] delta.json 없음 또는 비정상
[2025-05-28 14:21:01] [❌] delta.json 없음 또는 비정상
[2025-05-28 14:22:01] [❌] delta.json 없음 또는 비정상
[2025-05-28 14:23:01] [❌] delta.json 없음 또는 비정상
[2025-05-28 14:24:01] [❌] delta.json 없음 또는 비정상
[2025-05-28 14:25:01] [❌] delta.json 없음 또는 비정상
[2025-05-28 14:26:01] [❌] delta.json 없음 또는 비정상
[2025-05-28 14:27:01] [❌] delta.json 없음 또는 비정상
[2025-05-28 14:28:01] [❌] delta.json 없음 또는 비정상
[2025-05-28 14:29:01] [❌] delta.json 없음 또는 비정상
[2025-05-28 14:30:01] [❌] delta.json 없음 또는 비정상
[2025-05-28 14:31:01] [❌] delta.json 없음 또는 비정상
[2025-05-28 14:32:01] [❌] delta.json 없음 또는 비정상
[2025-05-28 14:33:01] [❌] delta.json 없음 또는 비정상
[2025-05-28 14:34:01] [❌] delta.json 없음 또는 비정상
[2025-05-28 14:35:01] [❌] delta.json 없음 또는 비정상
[2025-05-28 14:36:01] [❌] delta.json 없음 또는 비정상
[2025-05-28 14:37:01] [❌] delta.json 없음 또는 비정상
[2025-05-28 14:38:01] [❌] delta.json 없음 또는 비정상
[2025-05-28 14:39:01] [❌] delta.json 없음 또는 비정상
[2025-05-28 14:40:01] [❌] delta.json 없음 또는 비정상
[2025-05-28 14:41:01] [❌] delta.json 없음 또는 비정상
[2025-05-28 14:42:01] [❌] delta.json 없음 또는 비정상
[2025-05-28 14:43:01] [❌] delta.json 없음 또는 비정상
[2025-05-28 14:44:01] [❌] delta.json 없음 또는 비정상
[2025-05-28 14:45:01] [❌] delta.json 없음 또는 비정상
[2025-05-28 14:46:01] [❌] delta.json 없음 또는 비정상
[2025-05-28 14:47:02] [❌] delta.json 없음 또는 비정상
[2025-05-28 14:48:01] [❌] delta.json 없음 또는 비정상
[2025-05-28 14:49:01] [❌] delta.json 없음 또는 비정상
[2025-05-28 14:50:01] [❌] delta.json 없음 또는 비정상
[2025-05-28 14:51:01] [❌] delta.json 없음 또는 비정상
[2025-05-28 14:52:01] [❌] delta.json 없음 또는 비정상
[2025-05-28 14:53:01] [❌] delta.json 없음 또는 비정상
[2025-05-28 14:54:01] [❌] delta.json 없음 또는 비정상
[2025-05-28 14:55:01] [❌] delta.json 없음 또는 비정상
[2025-05-28 14:56:02] [❌] delta.json 없음 또는 비정상
[2025-05-28 14:57:01] [❌] delta.json 없음 또는 비정상
[2025-05-28 14:58:01] [❌] delta.json 없음 또는 비정상
[2025-05-28 14:59:01] [❌] delta.json 없음 또는 비정상
[2025-05-28 15:00:01] [❌] delta.json 없음 또는 비정상
[2025-05-28 15:01:01] [❌] delta.json 없음 또는 비정상
[2025-05-28 15:02:01] [❌] delta.json 없음 또는 비정상
[2025-05-28 15:03:01] [❌] delta.json 없음 또는 비정상
[2025-05-28 15:04:01] [❌] delta.json 없음 또는 비정상
[2025-05-28 15:05:02] [❌] delta.json 없음 또는 비정상
[2025-05-28 15:06:01] [❌] delta.json 없음 또는 비정상
[2025-05-28 15:07:01] [❌] delta.json 없음 또는 비정상
[2025-05-28 15:08:01] [❌] delta.json 없음 또는 비정상
[2025-05-28 15:09:01] [❌] delta.json 없음 또는 비정상
[2025-05-28 15:10:01] [❌] delta.json 없음 또는 비정상
[2025-05-28 15:11:01] [❌] delta.json 없음 또는 비정상
[2025-05-28 15:12:01] [❌] delta.json 없음 또는 비정상
[2025-05-28 15:13:01] [❌] delta.json 없음 또는 비정상
[2025-05-28 15:14:02] [❌] delta.json 없음 또는 비정상
[2025-05-28 15:15:01] [❌] delta.json 없음 또는 비정상
[2025-05-28 15:16:01] [❌] delta.json 없음 또는 비정상
[2025-05-28 15:17:01] [❌] delta.json 없음 또는 비정상
[2025-05-28 15:18:01] [❌] delta.json 없음 또는 비정상
[2025-05-28 15:19:01] [❌] delta.json 없음 또는 비정상
[2025-05-28 15:20:01] [❌] delta.json 없음 또는 비정상
[2025-05-28 15:21:01] [❌] delta.json 없음 또는 비정상
[2025-05-28 15:22:01] [❌] delta.json 없음 또는 비정상
[2025-05-28 15:23:01] [❌] delta.json 없음 또는 비정상
[2025-05-28 15:24:01] [❌] delta.json 없음 또는 비정상
[2025-05-28 15:25:01] [❌] delta.json 없음 또는 비정상
[2025-05-28 15:26:01] [❌] delta.json 없음 또는 비정상
[2025-05-28 15:27:01] [❌] delta.json 없음 또는 비정상
[2025-05-28 15:28:01] [❌] delta.json 없음 또는 비정상
[2025-05-28 15:29:01] [❌] delta.json 없음 또는 비정상
[2025-05-28 15:30:01] [❌] delta.json 없음 또는 비정상
[2025-05-28 15:31:01] [❌] delta.json 없음 또는 비정상
[2025-05-28 15:32:01] [❌] delta.json 없음 또는 비정상
[2025-05-28 15:33:01] [❌] delta.json 없음 또는 비정상
[2025-05-28 15:34:01] [❌] delta.json 없음 또는 비정상
[2025-05-28 15:35:01] [❌] delta.json 없음 또는 비정상
[2025-05-28 15:36:01] [❌] delta.json 없음 또는 비정상
[2025-05-28 15:37:01] [❌] delta.json 없음 또는 비정상
[2025-05-28 15:38:01] [❌] delta.json 없음 또는 비정상
[2025-05-28 15:39:01] [❌] delta.json 없음 또는 비정상
[2025-05-28 15:40:01] [❌] delta.json 없음 또는 비정상
[2025-05-28 15:41:01] [❌] delta.json 없음 또는 비정상
[2025-05-28 15:42:01] [❌] delta.json 없음 또는 비정상
[2025-05-28 15:43:01] [❌] delta.json 없음 또는 비정상
[2025-05-28 15:44:01] [❌] delta.json 없음 또는 비정상
[2025-05-28 15:45:01] [❌] delta.json 없음 또는 비정상
[2025-05-28 15:46:01] [❌] delta.json 없음 또는 비정상
[2025-05-28 15:47:01] [❌] delta.json 없음 또는 비정상
[2025-05-28 15:48:01] [❌] delta.json 없음 또는 비정상
[2025-05-28 15:49:01] [❌] delta.json 없음 또는 비정상
[2025-05-28 15:50:01] [❌] delta.json 없음 또는 비정상
[2025-05-28 15:51:01] [❌] delta.json 없음 또는 비정상
[2025-05-28 15:52:01] [❌] delta.json 없음 또는 비정상
[2025-05-28 15:53:01] [❌] delta.json 없음 또는 비정상
[2025-05-28 15:54:01] [❌] delta.json 없음 또는 비정상
[2025-05-28 15:55:01] [❌] delta.json 없음 또는 비정상
