== Day3 Auto-Evolve (guarded) ==

=== TRY #1 === (topk=2, cal=isotonic, xgb=False)
🚀 Phase 1 문제 해결 시스템 실행 시작...
============================================================
1️⃣ 데이터 로드 및 검증...
   ✅ 데이터 로드 완료: 1200행 × 9열
2️⃣ 특성 생성...
   ✅ 특성 생성 완료: 10개 특성
3️⃣ D3: 특성 선택 (누적 CV)...
   ✅ 특성 선택 완료: 2개 특성 선택됨
4️⃣ 학습/검증/테스트 분할...
   ✅ 층화 분할 완료: 훈련 768개, 검증 192개, 테스트 240개
5️⃣ 개별 모델 학습...
   ✅ 모델 학습 완료: RF(R²=0.7580), XGB(있음)
6️⃣ D2: 모델 보정 (캘리브레이션) - cfg 기반 분기...
   ✅ RF 보정 완료: mode=('isotonic',)
   ✅ XGB 보정 완료: mode=('isotonic',)
   ✅ 모델 보정 완료 (calibration=isotonic)
8️⃣ D4: OOF 예측 생성 및 경량 스태킹...
   ⚠️ 스태킹 비활성화됨 (과적합 완화를 위해)
9️⃣ 앙상블 비교 및 최적 모델 선택...
   🔍 Test 기준 최종 모델 선택 중...
   ✅ TEST 기준 최종 선택: blend_mean, R²=0.7070, MSE=0.132678
   📊 최종 모델: blend_mean, Validation R²=0.8088
7️⃣ D1: 에러 슬라이싱 리포트 생성...
D1 에러 슬라이싱 리포트 완료:
  - 총 샘플: 192
  - 평균 잔차: -0.0000
  - 절대 잔차 중간값: 0.1739
  - 상위 오류 케이스: 50개
  - 저장 경로: ./artifacts_phase1/error_slicing_1755049350.json
   ✅ 에러 리포트 생성 완료
9️⃣.5️⃣ Test 평가 (홀드아웃 검증)...
   ✅ Test 평가 완료: blend_mean
🔍 Test 성능: R²=0.7070, MSE=0.132678
🔍 성능 갭: R² 차이=0.1018, MSE 비율=1.788
⚠️ 홀드아웃 검증 경고: 과적합 의심 (보정/스태킹 비활성화 권장)
🔍 Test 성능: R²=0.7070, MSE=0.132678
🔍 성능 갭: R² 차이=0.1018, MSE 비율=1.788
🔍 nRMSE 비율: 1.238
⚠️ 홀드아웃 검증 경고: 약간의 과적합 의심 (nRMSE 비율 > 1.2)
🔟 저장/백업 및 대시보드 생성...
D5 백업 파이프라인 완료:
  - 스냅샷: ./artifacts_phase1/snapshot_1755049350.json
  - 증빙: ./artifacts_phase1/evidence_1755049350.json
  - 백업 시점: post-train (phase1)
  - 파일 해시: 1개
  - 아티팩트: 612개
  - 재현성 메타: random_state=42, features=2
D5 대시보드 카드 생성 완료:
  - 상세 카드: ./artifacts_phase1/cards_1755049350.json
  - 요약 카드: ./artifacts_phase1/summary_1755049350.json
  - 성능 지표: R²=0.8088, MSE=0.074198
============================================================
🎉 Phase 1 문제 해결 시스템 실행 완료!
🏆 최종 모델: blend_mean
📊 최종 성능: R²=0.8088, MSE=0.074198
📁 아티팩트 저장: ./artifacts_phase1
→ testR2=0.7070 evolve_gate=FAIL reason=abs_gap

=== TRY #2 === (topk=2, cal=platt, xgb=False)
🚀 Phase 1 문제 해결 시스템 실행 시작...
============================================================
1️⃣ 데이터 로드 및 검증...
   ✅ 데이터 로드 완료: 1200행 × 9열
2️⃣ 특성 생성...
   ✅ 특성 생성 완료: 10개 특성
3️⃣ D3: 특성 선택 (누적 CV)...
   ✅ 특성 선택 완료: 2개 특성 선택됨
4️⃣ 학습/검증/테스트 분할...
   ✅ 층화 분할 완료: 훈련 768개, 검증 192개, 테스트 240개
5️⃣ 개별 모델 학습...
   ✅ 모델 학습 완료: RF(R²=0.7580), XGB(있음)
6️⃣ D2: 모델 보정 (캘리브레이션) - cfg 기반 분기...
   ✅ RF 보정 완료: mode=('platt_ridge', 0.001)
   ✅ XGB 보정 완료: mode=('platt_ridge', 0.001)
   ✅ 모델 보정 완료 (calibration=platt)
8️⃣ D4: OOF 예측 생성 및 경량 스태킹...
   ⚠️ 스태킹 비활성화됨 (과적합 완화를 위해)
9️⃣ 앙상블 비교 및 최적 모델 선택...
   🔍 Test 기준 최종 모델 선택 중...
   ✅ TEST 기준 최종 선택: blend_mean, R²=0.7070, MSE=0.132678
   📊 최종 모델: blend_mean, Validation R²=0.7638
7️⃣ D1: 에러 슬라이싱 리포트 생성...
D1 에러 슬라이싱 리포트 완료:
  - 총 샘플: 192
  - 평균 잔차: -0.0000
  - 절대 잔차 중간값: 0.2015
  - 상위 오류 케이스: 50개
  - 저장 경로: ./artifacts_phase1/error_slicing_1755049351.json
   ✅ 에러 리포트 생성 완료
9️⃣.5️⃣ Test 평가 (홀드아웃 검증)...
   ✅ Test 평가 완료: blend_mean
🔍 Test 성능: R²=0.7070, MSE=0.132678
🔍 성능 갭: R² 차이=0.0568, MSE 비율=1.448
⚠️ 홀드아웃 검증 경고: 과적합 의심 (보정/스태킹 비활성화 권장)
🔍 Test 성능: R²=0.7070, MSE=0.132678
🔍 성능 갭: R² 차이=0.0568, MSE 비율=1.448
🔍 nRMSE 비율: 1.114
✅ 홀드아웃 검증 통과: 과적합 없음 (nRMSE 비율 ≤ 1.2)
🔟 저장/백업 및 대시보드 생성...
D5 백업 파이프라인 완료:
  - 스냅샷: ./artifacts_phase1/snapshot_1755049351.json
  - 증빙: ./artifacts_phase1/evidence_1755049351.json
  - 백업 시점: post-train (phase1)
  - 파일 해시: 1개
  - 아티팩트: 617개
  - 재현성 메타: random_state=42, features=2
D5 대시보드 카드 생성 완료:
  - 상세 카드: ./artifacts_phase1/cards_1755049351.json
  - 요약 카드: ./artifacts_phase1/summary_1755049351.json
  - 성능 지표: R²=0.7638, MSE=0.091638
============================================================
🎉 Phase 1 문제 해결 시스템 실행 완료!
🏆 최종 모델: blend_mean
📊 최종 성능: R²=0.7638, MSE=0.091638
📁 아티팩트 저장: ./artifacts_phase1
→ testR2=0.7070 evolve_gate=PASS reason=ok

=== TRY #3 === (topk=2, cal=none, xgb=False)
🚀 Phase 1 문제 해결 시스템 실행 시작...
============================================================
1️⃣ 데이터 로드 및 검증...
   ✅ 데이터 로드 완료: 1200행 × 9열
2️⃣ 특성 생성...
   ✅ 특성 생성 완료: 10개 특성
3️⃣ D3: 특성 선택 (누적 CV)...
   ✅ 특성 선택 완료: 2개 특성 선택됨
4️⃣ 학습/검증/테스트 분할...
   ✅ 층화 분할 완료: 훈련 768개, 검증 192개, 테스트 240개
5️⃣ 개별 모델 학습...
   ✅ 모델 학습 완료: RF(R²=0.7580), XGB(있음)
6️⃣ D2: 모델 보정 (캘리브레이션) - cfg 기반 분기...
   ✅ RF 보정 완료: mode=('none',)
   ✅ XGB 보정 완료: mode=('none',)
   ✅ 모델 보정 완료 (calibration=none)
8️⃣ D4: OOF 예측 생성 및 경량 스태킹...
   ⚠️ 스태킹 비활성화됨 (과적합 완화를 위해)
9️⃣ 앙상블 비교 및 최적 모델 선택...
   🔍 Test 기준 최종 모델 선택 중...
   ✅ TEST 기준 최종 선택: blend_mean, R²=0.7070, MSE=0.132678
   📊 최종 모델: blend_mean, Validation R²=0.7563
7️⃣ D1: 에러 슬라이싱 리포트 생성...
D1 에러 슬라이싱 리포트 완료:
  - 총 샘플: 192
  - 평균 잔차: 0.0516
  - 절대 잔차 중간값: 0.2105
  - 상위 오류 케이스: 50개
  - 저장 경로: ./artifacts_phase1/error_slicing_1755049352.json
   ✅ 에러 리포트 생성 완료
9️⃣.5️⃣ Test 평가 (홀드아웃 검증)...
   ✅ Test 평가 완료: blend_mean
🔍 Test 성능: R²=0.7070, MSE=0.132678
🔍 성능 갭: R² 차이=0.0493, MSE 비율=1.403
⚠️ 홀드아웃 검증 경고: 과적합 의심 (보정/스태킹 비활성화 권장)
🔍 Test 성능: R²=0.7070, MSE=0.132678
🔍 성능 갭: R² 차이=0.0493, MSE 비율=1.403
🔍 nRMSE 비율: 1.096
✅ 홀드아웃 검증 통과: 과적합 없음 (nRMSE 비율 ≤ 1.2)
🔟 저장/백업 및 대시보드 생성...
D5 백업 파이프라인 완료:
  - 스냅샷: ./artifacts_phase1/snapshot_1755049352.json
  - 증빙: ./artifacts_phase1/evidence_1755049352.json
  - 백업 시점: post-train (phase1)
  - 파일 해시: 1개
  - 아티팩트: 622개
  - 재현성 메타: random_state=42, features=2
D5 대시보드 카드 생성 완료:
  - 상세 카드: ./artifacts_phase1/cards_1755049352.json
  - 요약 카드: ./artifacts_phase1/summary_1755049352.json
  - 성능 지표: R²=0.7563, MSE=0.094562
============================================================
🎉 Phase 1 문제 해결 시스템 실행 완료!
🏆 최종 모델: blend_mean
📊 최종 성능: R²=0.7563, MSE=0.094562
📁 아티팩트 저장: ./artifacts_phase1
→ testR2=0.7070 evolve_gate=PASS reason=ok

=== TRY #4 === (topk=2, cal=isotonic, xgb=True)
🚀 Phase 1 문제 해결 시스템 실행 시작...
============================================================
1️⃣ 데이터 로드 및 검증...
   ✅ 데이터 로드 완료: 1200행 × 9열
2️⃣ 특성 생성...
   ✅ 특성 생성 완료: 10개 특성
3️⃣ D3: 특성 선택 (누적 CV)...
   ✅ 특성 선택 완료: 2개 특성 선택됨
4️⃣ 학습/검증/테스트 분할...
   ✅ 층화 분할 완료: 훈련 768개, 검증 192개, 테스트 240개
5️⃣ 개별 모델 학습...
   ✅ 모델 학습 완료: RF(R²=0.7580), XGB(있음)
6️⃣ D2: 모델 보정 (캘리브레이션) - cfg 기반 분기...
   ✅ RF 보정 완료: mode=('isotonic',)
   ✅ XGB 보정 완료: mode=('isotonic',)
   ✅ 모델 보정 완료 (calibration=isotonic)
8️⃣ D4: OOF 예측 생성 및 경량 스태킹...
   ⚠️ 스태킹 비활성화됨 (과적합 완화를 위해)
9️⃣ 앙상블 비교 및 최적 모델 선택...
   🔍 Test 기준 최종 모델 선택 중...
   ✅ TEST 기준 최종 선택: blend_mean, R²=0.7070, MSE=0.132678
   📊 최종 모델: blend_mean, Validation R²=0.8088
7️⃣ D1: 에러 슬라이싱 리포트 생성...
D1 에러 슬라이싱 리포트 완료:
  - 총 샘플: 192
  - 평균 잔차: -0.0000
  - 절대 잔차 중간값: 0.1739
  - 상위 오류 케이스: 50개
  - 저장 경로: ./artifacts_phase1/error_slicing_1755049354.json
   ✅ 에러 리포트 생성 완료
9️⃣.5️⃣ Test 평가 (홀드아웃 검증)...
   ✅ Test 평가 완료: blend_mean
🔍 Test 성능: R²=0.7070, MSE=0.132678
🔍 성능 갭: R² 차이=0.1018, MSE 비율=1.788
⚠️ 홀드아웃 검증 경고: 과적합 의심 (보정/스태킹 비활성화 권장)
🔍 Test 성능: R²=0.7070, MSE=0.132678
🔍 성능 갭: R² 차이=0.1018, MSE 비율=1.788
🔍 nRMSE 비율: 1.238
⚠️ 홀드아웃 검증 경고: 약간의 과적합 의심 (nRMSE 비율 > 1.2)
🔟 저장/백업 및 대시보드 생성...
D5 백업 파이프라인 완료:
  - 스냅샷: ./artifacts_phase1/snapshot_1755049354.json
  - 증빙: ./artifacts_phase1/evidence_1755049354.json
  - 백업 시점: post-train (phase1)
  - 파일 해시: 1개
  - 아티팩트: 627개
  - 재현성 메타: random_state=42, features=2
D5 대시보드 카드 생성 완료:
  - 상세 카드: ./artifacts_phase1/cards_1755049354.json
  - 요약 카드: ./artifacts_phase1/summary_1755049354.json
  - 성능 지표: R²=0.8088, MSE=0.074198
============================================================
🎉 Phase 1 문제 해결 시스템 실행 완료!
🏆 최종 모델: blend_mean
📊 최종 성능: R²=0.8088, MSE=0.074198
📁 아티팩트 저장: ./artifacts_phase1
→ testR2=0.7070 evolve_gate=FAIL reason=abs_gap

=== TRY #5 === (topk=2, cal=platt, xgb=True)
🚀 Phase 1 문제 해결 시스템 실행 시작...
============================================================
1️⃣ 데이터 로드 및 검증...
   ✅ 데이터 로드 완료: 1200행 × 9열
2️⃣ 특성 생성...
   ✅ 특성 생성 완료: 10개 특성
3️⃣ D3: 특성 선택 (누적 CV)...
   ✅ 특성 선택 완료: 2개 특성 선택됨
4️⃣ 학습/검증/테스트 분할...
   ✅ 층화 분할 완료: 훈련 768개, 검증 192개, 테스트 240개
5️⃣ 개별 모델 학습...
   ✅ 모델 학습 완료: RF(R²=0.7580), XGB(있음)
6️⃣ D2: 모델 보정 (캘리브레이션) - cfg 기반 분기...
   ✅ RF 보정 완료: mode=('platt_ridge', 0.001)
   ✅ XGB 보정 완료: mode=('platt_ridge', 0.001)
   ✅ 모델 보정 완료 (calibration=platt)
8️⃣ D4: OOF 예측 생성 및 경량 스태킹...
   ⚠️ 스태킹 비활성화됨 (과적합 완화를 위해)
9️⃣ 앙상블 비교 및 최적 모델 선택...
   🔍 Test 기준 최종 모델 선택 중...
   ✅ TEST 기준 최종 선택: blend_mean, R²=0.7070, MSE=0.132678
   📊 최종 모델: blend_mean, Validation R²=0.7638
7️⃣ D1: 에러 슬라이싱 리포트 생성...
D1 에러 슬라이싱 리포트 완료:
  - 총 샘플: 192
  - 평균 잔차: -0.0000
  - 절대 잔차 중간값: 0.2015
  - 상위 오류 케이스: 50개
  - 저장 경로: ./artifacts_phase1/error_slicing_1755049355.json
   ✅ 에러 리포트 생성 완료
9️⃣.5️⃣ Test 평가 (홀드아웃 검증)...
   ✅ Test 평가 완료: blend_mean
🔍 Test 성능: R²=0.7070, MSE=0.132678
🔍 성능 갭: R² 차이=0.0568, MSE 비율=1.448
⚠️ 홀드아웃 검증 경고: 과적합 의심 (보정/스태킹 비활성화 권장)
🔍 Test 성능: R²=0.7070, MSE=0.132678
🔍 성능 갭: R² 차이=0.0568, MSE 비율=1.448
🔍 nRMSE 비율: 1.114
✅ 홀드아웃 검증 통과: 과적합 없음 (nRMSE 비율 ≤ 1.2)
🔟 저장/백업 및 대시보드 생성...
D5 백업 파이프라인 완료:
  - 스냅샷: ./artifacts_phase1/snapshot_1755049355.json
  - 증빙: ./artifacts_phase1/evidence_1755049355.json
  - 백업 시점: post-train (phase1)
  - 파일 해시: 1개
  - 아티팩트: 632개
  - 재현성 메타: random_state=42, features=2
D5 대시보드 카드 생성 완료:
  - 상세 카드: ./artifacts_phase1/cards_1755049355.json
  - 요약 카드: ./artifacts_phase1/summary_1755049355.json
  - 성능 지표: R²=0.7638, MSE=0.091638
============================================================
🎉 Phase 1 문제 해결 시스템 실행 완료!
🏆 최종 모델: blend_mean
📊 최종 성능: R²=0.7638, MSE=0.091638
📁 아티팩트 저장: ./artifacts_phase1
→ testR2=0.7070 evolve_gate=PASS reason=ok

=== TRY #6 === (topk=2, cal=none, xgb=True)
🚀 Phase 1 문제 해결 시스템 실행 시작...
============================================================
1️⃣ 데이터 로드 및 검증...
   ✅ 데이터 로드 완료: 1200행 × 9열
2️⃣ 특성 생성...
   ✅ 특성 생성 완료: 10개 특성
3️⃣ D3: 특성 선택 (누적 CV)...
   ✅ 특성 선택 완료: 2개 특성 선택됨
4️⃣ 학습/검증/테스트 분할...
   ✅ 층화 분할 완료: 훈련 768개, 검증 192개, 테스트 240개
5️⃣ 개별 모델 학습...
   ✅ 모델 학습 완료: RF(R²=0.7580), XGB(있음)
6️⃣ D2: 모델 보정 (캘리브레이션) - cfg 기반 분기...
   ✅ RF 보정 완료: mode=('none',)
   ✅ XGB 보정 완료: mode=('none',)
   ✅ 모델 보정 완료 (calibration=none)
8️⃣ D4: OOF 예측 생성 및 경량 스태킹...
   ⚠️ 스태킹 비활성화됨 (과적합 완화를 위해)
9️⃣ 앙상블 비교 및 최적 모델 선택...
   🔍 Test 기준 최종 모델 선택 중...
   ✅ TEST 기준 최종 선택: blend_mean, R²=0.7070, MSE=0.132678
   📊 최종 모델: blend_mean, Validation R²=0.7563
7️⃣ D1: 에러 슬라이싱 리포트 생성...
D1 에러 슬라이싱 리포트 완료:
  - 총 샘플: 192
  - 평균 잔차: 0.0516
  - 절대 잔차 중간값: 0.2105
  - 상위 오류 케이스: 50개
  - 저장 경로: ./artifacts_phase1/error_slicing_1755049356.json
   ✅ 에러 리포트 생성 완료
9️⃣.5️⃣ Test 평가 (홀드아웃 검증)...
   ✅ Test 평가 완료: blend_mean
🔍 Test 성능: R²=0.7070, MSE=0.132678
🔍 성능 갭: R² 차이=0.0493, MSE 비율=1.403
⚠️ 홀드아웃 검증 경고: 과적합 의심 (보정/스태킹 비활성화 권장)
🔍 Test 성능: R²=0.7070, MSE=0.132678
🔍 성능 갭: R² 차이=0.0493, MSE 비율=1.403
🔍 nRMSE 비율: 1.096
✅ 홀드아웃 검증 통과: 과적합 없음 (nRMSE 비율 ≤ 1.2)
🔟 저장/백업 및 대시보드 생성...
D5 백업 파이프라인 완료:
  - 스냅샷: ./artifacts_phase1/snapshot_1755049356.json
  - 증빙: ./artifacts_phase1/evidence_1755049356.json
  - 백업 시점: post-train (phase1)
  - 파일 해시: 1개
  - 아티팩트: 637개
  - 재현성 메타: random_state=42, features=2
D5 대시보드 카드 생성 완료:
  - 상세 카드: ./artifacts_phase1/cards_1755049356.json
  - 요약 카드: ./artifacts_phase1/summary_1755049356.json
  - 성능 지표: R²=0.7563, MSE=0.094562
============================================================
🎉 Phase 1 문제 해결 시스템 실행 완료!
🏆 최종 모델: blend_mean
📊 최종 성능: R²=0.7563, MSE=0.094562
📁 아티팩트 저장: ./artifacts_phase1
→ testR2=0.7070 evolve_gate=PASS reason=ok

=== TRY #7 === (topk=3, cal=isotonic, xgb=False)
🚀 Phase 1 문제 해결 시스템 실행 시작...
============================================================
1️⃣ 데이터 로드 및 검증...
   ✅ 데이터 로드 완료: 1200행 × 9열
2️⃣ 특성 생성...
   ✅ 특성 생성 완료: 10개 특성
3️⃣ D3: 특성 선택 (누적 CV)...
   ✅ 특성 선택 완료: 3개 특성 선택됨
4️⃣ 학습/검증/테스트 분할...
   ✅ 층화 분할 완료: 훈련 768개, 검증 192개, 테스트 240개
5️⃣ 개별 모델 학습...
   ✅ 모델 학습 완료: RF(R²=0.9079), XGB(있음)
6️⃣ D2: 모델 보정 (캘리브레이션) - cfg 기반 분기...
   ✅ RF 보정 완료: mode=('isotonic',)
   ✅ XGB 보정 완료: mode=('isotonic',)
   ✅ 모델 보정 완료 (calibration=isotonic)
8️⃣ D4: OOF 예측 생성 및 경량 스태킹...
   ⚠️ 스태킹 비활성화됨 (과적합 완화를 위해)
9️⃣ 앙상블 비교 및 최적 모델 선택...
   🔍 Test 기준 최종 모델 선택 중...
   ✅ TEST 기준 최종 선택: xgb, R²=0.9623, MSE=0.017053
   📊 최종 모델: xgb, Validation R²=0.9782
7️⃣ D1: 에러 슬라이싱 리포트 생성...
D1 에러 슬라이싱 리포트 완료:
  - 총 샘플: 192
  - 평균 잔차: -0.0000
  - 절대 잔차 중간값: 0.0638
  - 상위 오류 케이스: 50개
  - 저장 경로: ./artifacts_phase1/error_slicing_1755049357.json
   ✅ 에러 리포트 생성 완료
9️⃣.5️⃣ Test 평가 (홀드아웃 검증)...
   ✅ Test 평가 완료: xgb
🔍 Test 성능: R²=0.9623, MSE=0.017053
🔍 성능 갭: R² 차이=0.0159, MSE 비율=2.020
⚠️ 홀드아웃 검증 경고: 과적합 의심 (보정/스태킹 비활성화 권장)
🔍 Test 성능: R²=0.9623, MSE=0.017053
🔍 성능 갭: R² 차이=0.0159, MSE 비율=2.020
🔍 nRMSE 비율: 1.316
⚠️ 홀드아웃 검증 경고: 약간의 과적합 의심 (nRMSE 비율 > 1.2)
🔟 저장/백업 및 대시보드 생성...
D5 백업 파이프라인 완료:
  - 스냅샷: ./artifacts_phase1/snapshot_1755049357.json
  - 증빙: ./artifacts_phase1/evidence_1755049357.json
  - 백업 시점: post-train (phase1)
  - 파일 해시: 1개
  - 아티팩트: 642개
  - 재현성 메타: random_state=42, features=3
D5 대시보드 카드 생성 완료:
  - 상세 카드: ./artifacts_phase1/cards_1755049357.json
  - 요약 카드: ./artifacts_phase1/summary_1755049357.json
  - 성능 지표: R²=0.9782, MSE=0.008441
============================================================
🎉 Phase 1 문제 해결 시스템 실행 완료!
🏆 최종 모델: xgb
📊 최종 성능: R²=0.9782, MSE=0.008441
📁 아티팩트 저장: ./artifacts_phase1
⚠️ hard-fail: excessive ratio -> skip from selection pool
→ testR2=0.9623 evolve_gate=FAIL reason=hard_fail_ratio

=== TRY #8 === (topk=3, cal=platt, xgb=False)
🚀 Phase 1 문제 해결 시스템 실행 시작...
============================================================
1️⃣ 데이터 로드 및 검증...
   ✅ 데이터 로드 완료: 1200행 × 9열
2️⃣ 특성 생성...
   ✅ 특성 생성 완료: 10개 특성
3️⃣ D3: 특성 선택 (누적 CV)...
   ✅ 특성 선택 완료: 3개 특성 선택됨
4️⃣ 학습/검증/테스트 분할...
   ✅ 층화 분할 완료: 훈련 768개, 검증 192개, 테스트 240개
5️⃣ 개별 모델 학습...
   ✅ 모델 학습 완료: RF(R²=0.9079), XGB(있음)
6️⃣ D2: 모델 보정 (캘리브레이션) - cfg 기반 분기...
   ✅ RF 보정 완료: mode=('platt_ridge', 0.001)
   ✅ XGB 보정 완료: mode=('platt_ridge', 0.001)
   ✅ 모델 보정 완료 (calibration=platt)
8️⃣ D4: OOF 예측 생성 및 경량 스태킹...
   ⚠️ 스태킹 비활성화됨 (과적합 완화를 위해)
9️⃣ 앙상블 비교 및 최적 모델 선택...
   🔍 Test 기준 최종 모델 선택 중...
   ✅ TEST 기준 최종 선택: xgb, R²=0.9623, MSE=0.017053
   📊 최종 모델: xgb, Validation R²=0.9684
7️⃣ D1: 에러 슬라이싱 리포트 생성...
D1 에러 슬라이싱 리포트 완료:
  - 총 샘플: 192
  - 평균 잔차: -0.0000
  - 절대 잔차 중간값: 0.0780
  - 상위 오류 케이스: 50개
  - 저장 경로: ./artifacts_phase1/error_slicing_1755049359.json
   ✅ 에러 리포트 생성 완료
9️⃣.5️⃣ Test 평가 (홀드아웃 검증)...
   ✅ Test 평가 완료: xgb
🔍 Test 성능: R²=0.9623, MSE=0.017053
🔍 성능 갭: R² 차이=0.0061, MSE 비율=1.393
⚠️ 홀드아웃 검증 경고: 과적합 의심 (보정/스태킹 비활성화 권장)
🔍 Test 성능: R²=0.9623, MSE=0.017053
🔍 성능 갭: R² 차이=0.0061, MSE 비율=1.393
🔍 nRMSE 비율: 1.093
✅ 홀드아웃 검증 통과: 과적합 없음 (nRMSE 비율 ≤ 1.2)
🔟 저장/백업 및 대시보드 생성...
D5 백업 파이프라인 완료:
  - 스냅샷: ./artifacts_phase1/snapshot_1755049359.json
  - 증빙: ./artifacts_phase1/evidence_1755049359.json
  - 백업 시점: post-train (phase1)
  - 파일 해시: 1개
  - 아티팩트: 647개
  - 재현성 메타: random_state=42, features=3
D5 대시보드 카드 생성 완료:
  - 상세 카드: ./artifacts_phase1/cards_1755049359.json
  - 요약 카드: ./artifacts_phase1/summary_1755049359.json
  - 성능 지표: R²=0.9684, MSE=0.012242
============================================================
🎉 Phase 1 문제 해결 시스템 실행 완료!
🏆 최종 모델: xgb
📊 최종 성능: R²=0.9684, MSE=0.012242
📁 아티팩트 저장: ./artifacts_phase1
→ testR2=0.9623 evolve_gate=PASS reason=ok

=== TRY #9 === (topk=3, cal=none, xgb=False)
🚀 Phase 1 문제 해결 시스템 실행 시작...
============================================================
1️⃣ 데이터 로드 및 검증...
   ✅ 데이터 로드 완료: 1200행 × 9열
2️⃣ 특성 생성...
   ✅ 특성 생성 완료: 10개 특성
3️⃣ D3: 특성 선택 (누적 CV)...
   ✅ 특성 선택 완료: 3개 특성 선택됨
4️⃣ 학습/검증/테스트 분할...
   ✅ 층화 분할 완료: 훈련 768개, 검증 192개, 테스트 240개
5️⃣ 개별 모델 학습...
   ✅ 모델 학습 완료: RF(R²=0.9079), XGB(있음)
6️⃣ D2: 모델 보정 (캘리브레이션) - cfg 기반 분기...
   ✅ RF 보정 완료: mode=('none',)
   ✅ XGB 보정 완료: mode=('none',)
   ✅ 모델 보정 완료 (calibration=none)
8️⃣ D4: OOF 예측 생성 및 경량 스태킹...
   ⚠️ 스태킹 비활성화됨 (과적합 완화를 위해)
9️⃣ 앙상블 비교 및 최적 모델 선택...
   🔍 Test 기준 최종 모델 선택 중...
   ✅ TEST 기준 최종 선택: xgb, R²=0.9623, MSE=0.017053
   📊 최종 모델: xgb, Validation R²=0.9677
7️⃣ D1: 에러 슬라이싱 리포트 생성...
D1 에러 슬라이싱 리포트 완료:
  - 총 샘플: 192
  - 평균 잔차: 0.0167
  - 절대 잔차 중간값: 0.0732
  - 상위 오류 케이스: 50개
  - 저장 경로: ./artifacts_phase1/error_slicing_1755049360.json
   ✅ 에러 리포트 생성 완료
9️⃣.5️⃣ Test 평가 (홀드아웃 검증)...
   ✅ Test 평가 완료: xgb
🔍 Test 성능: R²=0.9623, MSE=0.017053
🔍 성능 갭: R² 차이=0.0053, MSE 비율=1.359
⚠️ 홀드아웃 검증 경고: 과적합 의심 (보정/스태킹 비활성화 권장)
🔍 Test 성능: R²=0.9623, MSE=0.017053
🔍 성능 갭: R² 차이=0.0053, MSE 비율=1.359
🔍 nRMSE 비율: 1.079
✅ 홀드아웃 검증 통과: 과적합 없음 (nRMSE 비율 ≤ 1.2)
🔟 저장/백업 및 대시보드 생성...
D5 백업 파이프라인 완료:
  - 스냅샷: ./artifacts_phase1/snapshot_1755049360.json
  - 증빙: ./artifacts_phase1/evidence_1755049360.json
  - 백업 시점: post-train (phase1)
  - 파일 해시: 1개
  - 아티팩트: 652개
  - 재현성 메타: random_state=42, features=3
D5 대시보드 카드 생성 완료:
  - 상세 카드: ./artifacts_phase1/cards_1755049360.json
  - 요약 카드: ./artifacts_phase1/summary_1755049360.json
  - 성능 지표: R²=0.9677, MSE=0.012544
============================================================
🎉 Phase 1 문제 해결 시스템 실행 완료!
🏆 최종 모델: xgb
📊 최종 성능: R²=0.9677, MSE=0.012544
📁 아티팩트 저장: ./artifacts_phase1
→ testR2=0.9623 evolve_gate=PASS reason=ok

=== TRY #10 === (topk=1, cal=isotonic, xgb=False)
🚀 Phase 1 문제 해결 시스템 실행 시작...
============================================================
1️⃣ 데이터 로드 및 검증...
   ✅ 데이터 로드 완료: 1200행 × 9열
2️⃣ 특성 생성...
   ✅ 특성 생성 완료: 10개 특성
3️⃣ D3: 특성 선택 (누적 CV)...
   ✅ 특성 선택 완료: 1개 특성 선택됨
4️⃣ 학습/검증/테스트 분할...
   ✅ 층화 분할 완료: 훈련 768개, 검증 192개, 테스트 240개
5️⃣ 개별 모델 학습...
   ✅ 모델 학습 완료: RF(R²=0.0304), XGB(있음)
6️⃣ D2: 모델 보정 (캘리브레이션) - cfg 기반 분기...
   ✅ RF 보정 완료: mode=('isotonic',)
   ✅ XGB 보정 완료: mode=('isotonic',)
   ✅ 모델 보정 완료 (calibration=isotonic)
8️⃣ D4: OOF 예측 생성 및 경량 스태킹...
   ⚠️ 스태킹 비활성화됨 (과적합 완화를 위해)
9️⃣ 앙상블 비교 및 최적 모델 선택...
   🔍 Test 기준 최종 모델 선택 중...
   ✅ TEST 기준 최종 선택: xgb, R²=0.1410, MSE=0.388924
   📊 최종 모델: xgb, Validation R²=0.1434
7️⃣ D1: 에러 슬라이싱 리포트 생성...
D1 에러 슬라이싱 리포트 완료:
  - 총 샘플: 192
  - 평균 잔차: -0.0000
  - 절대 잔차 중간값: 0.3860
  - 상위 오류 케이스: 50개
  - 저장 경로: ./artifacts_phase1/error_slicing_1755049361.json
   ✅ 에러 리포트 생성 완료
9️⃣.5️⃣ Test 평가 (홀드아웃 검증)...
   ✅ Test 평가 완료: xgb
🔍 Test 성능: R²=0.1410, MSE=0.388924
🔍 성능 갭: R² 차이=0.0024, MSE 비율=1.170
⚠️ 홀드아웃 검증 경고: 과적합 의심 (보정/스태킹 비활성화 권장)
🔍 Test 성능: R²=0.1410, MSE=0.388924
🔍 성능 갭: R² 차이=0.0024, MSE 비율=1.170
🔍 nRMSE 비율: 1.001
✅ 홀드아웃 검증 통과: 과적합 없음 (nRMSE 비율 ≤ 1.2)
🔟 저장/백업 및 대시보드 생성...
D5 백업 파이프라인 완료:
  - 스냅샷: ./artifacts_phase1/snapshot_1755049361.json
  - 증빙: ./artifacts_phase1/evidence_1755049361.json
  - 백업 시점: post-train (phase1)
  - 파일 해시: 1개
  - 아티팩트: 657개
  - 재현성 메타: random_state=42, features=1
D5 대시보드 카드 생성 완료:
  - 상세 카드: ./artifacts_phase1/cards_1755049361.json
  - 요약 카드: ./artifacts_phase1/summary_1755049361.json
  - 성능 지표: R²=0.1434, MSE=0.332316
============================================================
🎉 Phase 1 문제 해결 시스템 실행 완료!
🏆 최종 모델: xgb
📊 최종 성능: R²=0.1434, MSE=0.332316
📁 아티팩트 저장: ./artifacts_phase1
→ testR2=0.1410 evolve_gate=FAIL reason=regression_prevention

=== TRY #11 === (topk=1, cal=platt, xgb=False)
🚀 Phase 1 문제 해결 시스템 실행 시작...
============================================================
1️⃣ 데이터 로드 및 검증...
   ✅ 데이터 로드 완료: 1200행 × 9열
2️⃣ 특성 생성...
   ✅ 특성 생성 완료: 10개 특성
3️⃣ D3: 특성 선택 (누적 CV)...
   ✅ 특성 선택 완료: 1개 특성 선택됨
4️⃣ 학습/검증/테스트 분할...
   ✅ 층화 분할 완료: 훈련 768개, 검증 192개, 테스트 240개
5️⃣ 개별 모델 학습...
   ✅ 모델 학습 완료: RF(R²=0.0304), XGB(있음)
6️⃣ D2: 모델 보정 (캘리브레이션) - cfg 기반 분기...
   ✅ RF 보정 완료: mode=('platt_ridge', 0.001)
   ✅ XGB 보정 완료: mode=('platt_ridge', 0.001)
   ✅ 모델 보정 완료 (calibration=platt)
8️⃣ D4: OOF 예측 생성 및 경량 스태킹...
   ⚠️ 스태킹 비활성화됨 (과적합 완화를 위해)
9️⃣ 앙상블 비교 및 최적 모델 선택...
   🔍 Test 기준 최종 모델 선택 중...
   ✅ TEST 기준 최종 선택: xgb, R²=0.1410, MSE=0.388924
   📊 최종 모델: xgb, Validation R²=0.0869
7️⃣ D1: 에러 슬라이싱 리포트 생성...
D1 에러 슬라이싱 리포트 완료:
  - 총 샘플: 192
  - 평균 잔차: -0.0000
  - 절대 잔차 중간값: 0.4265
  - 상위 오류 케이스: 50개
  - 저장 경로: ./artifacts_phase1/error_slicing_1755049366.json
   ✅ 에러 리포트 생성 완료
9️⃣.5️⃣ Test 평가 (홀드아웃 검증)...
   ✅ Test 평가 완료: xgb
🔍 Test 성능: R²=0.1410, MSE=0.388924
🔍 성능 갭: R² 차이=0.0541, MSE 비율=1.098
⚠️ 홀드아웃 검증 경고: 과적합 의심 (보정/스태킹 비활성화 권장)
🔍 Test 성능: R²=0.1410, MSE=0.388924
🔍 성능 갭: R² 차이=-0.0541, MSE 비율=1.098
🔍 nRMSE 비율: 0.970
✅ 홀드아웃 검증 통과: 과적합 없음 (nRMSE 비율 ≤ 1.2)
🔟 저장/백업 및 대시보드 생성...
D5 백업 파이프라인 완료:
  - 스냅샷: ./artifacts_phase1/snapshot_1755049366.json
  - 증빙: ./artifacts_phase1/evidence_1755049366.json
  - 백업 시점: post-train (phase1)
  - 파일 해시: 1개
  - 아티팩트: 662개
  - 재현성 메타: random_state=42, features=1
D5 대시보드 카드 생성 완료:
  - 상세 카드: ./artifacts_phase1/cards_1755049366.json
  - 요약 카드: ./artifacts_phase1/summary_1755049366.json
  - 성능 지표: R²=0.0869, MSE=0.354241
============================================================
🎉 Phase 1 문제 해결 시스템 실행 완료!
🏆 최종 모델: xgb
📊 최종 성능: R²=0.0869, MSE=0.354241
📁 아티팩트 저장: ./artifacts_phase1
→ testR2=0.1410 evolve_gate=FAIL reason=regression_prevention

=== TRY #12 === (topk=1, cal=none, xgb=False)
🚀 Phase 1 문제 해결 시스템 실행 시작...
============================================================
1️⃣ 데이터 로드 및 검증...
   ✅ 데이터 로드 완료: 1200행 × 9열
2️⃣ 특성 생성...
   ✅ 특성 생성 완료: 10개 특성
3️⃣ D3: 특성 선택 (누적 CV)...
   ✅ 특성 선택 완료: 1개 특성 선택됨
4️⃣ 학습/검증/테스트 분할...
   ✅ 층화 분할 완료: 훈련 768개, 검증 192개, 테스트 240개
5️⃣ 개별 모델 학습...
   ✅ 모델 학습 완료: RF(R²=0.0304), XGB(있음)
6️⃣ D2: 모델 보정 (캘리브레이션) - cfg 기반 분기...
   ✅ RF 보정 완료: mode=('none',)
   ✅ XGB 보정 완료: mode=('none',)
   ✅ 모델 보정 완료 (calibration=none)
8️⃣ D4: OOF 예측 생성 및 경량 스태킹...
   ⚠️ 스태킹 비활성화됨 (과적합 완화를 위해)
9️⃣ 앙상블 비교 및 최적 모델 선택...
   🔍 Test 기준 최종 모델 선택 중...
   ✅ TEST 기준 최종 선택: xgb, R²=0.1410, MSE=0.388924
   📊 최종 모델: xgb, Validation R²=0.0763
7️⃣ D1: 에러 슬라이싱 리포트 생성...
D1 에러 슬라이싱 리포트 완료:
  - 총 샘플: 192
  - 평균 잔차: -0.0210
  - 절대 잔차 중간값: 0.4310
  - 상위 오류 케이스: 50개
  - 저장 경로: ./artifacts_phase1/error_slicing_1755049367.json
   ✅ 에러 리포트 생성 완료
9️⃣.5️⃣ Test 평가 (홀드아웃 검증)...
   ✅ Test 평가 완료: xgb
🔍 Test 성능: R²=0.1410, MSE=0.388924
🔍 성능 갭: R² 차이=0.0648, MSE 비율=1.085
⚠️ 홀드아웃 검증 경고: 과적합 의심 (보정/스태킹 비활성화 권장)
🔍 Test 성능: R²=0.1410, MSE=0.388924
🔍 성능 갭: R² 차이=-0.0648, MSE 비율=1.085
🔍 nRMSE 비율: 0.964
✅ 홀드아웃 검증 통과: 과적합 없음 (nRMSE 비율 ≤ 1.2)
🔟 저장/백업 및 대시보드 생성...
D5 백업 파이프라인 완료:
  - 스냅샷: ./artifacts_phase1/snapshot_1755049367.json
  - 증빙: ./artifacts_phase1/evidence_1755049367.json
  - 백업 시점: post-train (phase1)
  - 파일 해시: 1개
  - 아티팩트: 667개
  - 재현성 메타: random_state=42, features=1
D5 대시보드 카드 생성 완료:
  - 상세 카드: ./artifacts_phase1/cards_1755049367.json
  - 요약 카드: ./artifacts_phase1/summary_1755049367.json
  - 성능 지표: R²=0.0763, MSE=0.358381
============================================================
🎉 Phase 1 문제 해결 시스템 실행 완료!
🏆 최종 모델: xgb
📊 최종 성능: R²=0.0763, MSE=0.358381
📁 아티팩트 저장: ./artifacts_phase1
→ testR2=0.1410 evolve_gate=FAIL reason=regression_prevention

== RESULT ==
baseline testR2=0.1410  best(best_among_pass) testR2=0.9623
[SUMMARY] final_pick reason=best_among_pass testR2=0.9623 gap={'r2_gap': 0.005329155346549319, 'mse_ratio': 1.359436412234786, 'nrmse_ratio': 1.0792666527561767}
done.
